#
# There is insufficient memory for the Java Runtime Environment to continue.
# Native memory allocation (malloc) failed to allocate 32744 bytes for ChunkPool::allocate
# Possible reasons:
#   The system is out of physical RAM or swap space
#   The process is running with CompressedOops enabled, and the Java Heap may be blocking the growth of the native heap
# Possible solutions:
#   Reduce memory load on the system
#   Increase physical memory or swap space
#   Check if swap backing store is full
#   Decrease Java heap size (-Xmx/-Xms)
#   Decrease number of Java threads
#   Decrease Java thread stack sizes (-Xss)
#   Set larger code cache with -XX:ReservedCodeCacheSize=
#   JVM is running with Zero Based Compressed Oops mode in which the Java heap is
#     placed in the first 32GB address space. The Java Heap base address is the
#     maximum limit for the native heap growth. Please use -XX:HeapBaseMinAddress
#     to set the Java Heap base and to place the Java Heap above 32GB virtual address.
# This output file may be truncated or incomplete.
#
#  Out of Memory Error (t:/workspace/open/src/hotspot/share/memory/arena.cpp:82), pid=5416, tid=11088
#
# JRE version: Java(TM) SE Runtime Environment (10.0.2+13) (build 10.0.2+13)
# Java VM: Java HotSpot(TM) 64-Bit Server VM (10.0.2+13, mixed mode, tiered, compressed oops, g1 gc, windows-amd64)
# No core dump will be written. Minidumps are not enabled by default on client versions of Windows
#

---------------  S U M M A R Y ------------

Command Line: -XX:TieredStopAtLevel=1 -Xverify:none -Dspring.output.ansi.enabled=always -Dcom.sun.management.jmxremote -Dspring.jmx.enabled=true -Dspring.liveBeansView.mbeanDomain -Dspring.application.admin.enabled=true -javaagent:D:\idea2019\IntelliJ idea 2019.3\lib\idea_rt.jar=59820:D:\idea2019\IntelliJ idea 2019.3\bin -Dfile.encoding=UTF-8 com.boot.SeckillController9502

Host: Intel(R) Core(TM) i5-9300H CPU @ 2.40GHz, 8 cores, 23G,  Windows 10 , 64 bit Build 22533 (10.0.22533.1001)
Time: Thu Jan 20 19:42:25 2022 ?D1¨²¡À¨º¡Á?¨º¡À?? elapsed time: 3519 seconds (0d 0h 58m 39s)

---------------  T H R E A D  ---------------

Current thread (0x0000017547fa9000):  VMThread "VM Thread" [stack: 0x0000003ea9e00000,0x0000003ea9f00000] [id=11088] _threads_hazard_ptr=0x0000017553a7a9c0

Stack: [0x0000003ea9e00000,0x0000003ea9f00000]
[error occurred during error reporting (printing stack bounds), id 0xe0000001]

Native frames: (J=compiled Java code, j=interpreted, Vv=VM code, C=native code)
V  [jvm.dll+0x5a01a9]
V  [jvm.dll+0x6bcf31]
V  [jvm.dll+0x6be126]
V  [jvm.dll+0x6be715]
V  [jvm.dll+0x6be6cb]
V  [jvm.dll+0x59f993]
V  [jvm.dll+0x59fda8]
C  [ntdll.dll+0xa79cf]
C  [ntdll.dll+0x13d26]
C  [ntdll.dll+0xa69be]
C  0x00000175274d0ead

VM_Operation (0x0000003eae7fe580): BulkRevokeBias, mode: safepoint, requested by thread 0x000001754e608800


---------------  P R O C E S S  ---------------

Threads class SMR info:
_java_thread_list=0x0000017553a7a9c0, length=118, elements={
0x0000017547fc5000, 0x0000017547fc6000, 0x000001754802f800, 0x0000017548030000,
0x0000017548035000, 0x0000017548037800, 0x0000017548066800, 0x000001754806a800,
0x000001754806b800, 0x0000017548bee000, 0x0000017549778000, 0x0000017549779000,
0x00000175499ed800, 0x00000175499e8800, 0x000001754bd75800, 0x0000017549af4000,
0x000001754a1b3800, 0x0000017549b08800, 0x0000017549872000, 0x0000017549874000,
0x0000017549872800, 0x0000017549876000, 0x0000017549871000, 0x0000017549873800,
0x0000017549870800, 0x000001754a25d000, 0x000001754a257800, 0x000001754a25d800,
0x000001754a25a800, 0x000001754a25b000, 0x000001754a25c000, 0x000001754a25e800,
0x000001754a25f000, 0x000001754a258000, 0x000001754a260000, 0x000001754a259000,
0x000001754a260800, 0x000001754a259800, 0x000001754a266000, 0x000001754a264800,
0x000001754a261800, 0x000001754a262800, 0x000001754a263000, 0x000001754a264000,
0x000001754a265800, 0x0000017549875000, 0x0000017549876800, 0x000001754e602800,
0x000001754e5fb800, 0x000001754e601800, 0x000001754e5fd800, 0x000001754e5fe800,
0x000001754e5fd000, 0x000001754e5fc000, 0x000001754e606800, 0x000001754e601000,
0x000001754e603000, 0x000001754e600000, 0x000001754e604000, 0x000001754e5ff000,
0x000001754e609800, 0x000001754e605800, 0x000001754e604800, 0x000001754e608000,
0x000001754e608800, 0x000001754e60a000, 0x000001754e944000, 0x000001754e949000,
0x000001754e94a800, 0x000001754e948000, 0x000001754e945800, 0x000001754e949800,
0x000001754e947000, 0x000001754e943800, 0x000001754e94b000, 0x000001754e945000,
0x000001754e94c000, 0x000001754e94d800, 0x000001754e946800, 0x000001754e94f000,
0x000001754e950800, 0x000001754e952000, 0x000001754e94e800, 0x000001754e951800,
0x000001754e950000, 0x000001754e607000, 0x000001754ef88000, 0x000001754ef8a800,
0x000001754ef8b000, 0x000001754ef88800, 0x000001754ef8c000, 0x000001754ef8c800,
0x000001754ef8d800, 0x000001754ef8e000, 0x000001754ef8f000, 0x000001754ef90800,
0x000001754ef87000, 0x000001754ef90000, 0x000001754ef89800, 0x000001754ef93000,
0x000001754ef93800, 0x000001754ef94800, 0x000001754ef91800, 0x000001754ef96000,
0x000001754ef92000, 0x000001754e9ca800, 0x000001754e9cb800, 0x000001754e9cd000,
0x000001754e9c9000, 0x000001754e9d0000, 0x000001754e9cc000, 0x000001754e9cd800,
0x000001754e9d1000, 0x000001754e9ce800, 0x000001754e9ca000, 0x000001754e9d3000,
0x000001754e9d1800, 0x000001754e94c800
}

Java Threads: ( => current thread )
  0x0000017547fc5000 JavaThread "Reference Handler" daemon [_thread_blocked, id=10228, stack(0x0000003ea9f00000,0x0000003eaa000000)]
  0x0000017547fc6000 JavaThread "Finalizer" daemon [_thread_blocked, id=2576, stack(0x0000003eaa000000,0x0000003eaa100000)]
  0x000001754802f800 JavaThread "Signal Dispatcher" daemon [_thread_blocked, id=15404, stack(0x0000003eaa100000,0x0000003eaa200000)]
  0x0000017548030000 JavaThread "Attach Listener" daemon [_thread_blocked, id=9500, stack(0x0000003eaa200000,0x0000003eaa300000)]
  0x0000017548035000 JavaThread "C1 CompilerThread0" daemon [_thread_blocked, id=13120, stack(0x0000003eaa300000,0x0000003eaa400000)]
  0x0000017548037800 JavaThread "C1 CompilerThread1" daemon [_thread_blocked, id=13656, stack(0x0000003eaa400000,0x0000003eaa500000)]
  0x0000017548066800 JavaThread "C1 CompilerThread2" daemon [_thread_blocked, id=1964, stack(0x0000003eaa500000,0x0000003eaa600000)]
  0x000001754806a800 JavaThread "C1 CompilerThread3" daemon [_thread_blocked, id=3128, stack(0x0000003eaa600000,0x0000003eaa700000)]
  0x000001754806b800 JavaThread "Sweeper thread" daemon [_thread_blocked, id=9700, stack(0x0000003eaa700000,0x0000003eaa800000)]
  0x0000017548bee000 JavaThread "Common-Cleaner" daemon [_thread_blocked, id=14328, stack(0x0000003eaa800000,0x0000003eaa900000)]
  0x0000017549778000 JavaThread "Monitor Ctrl-Break" daemon [_thread_in_native, id=1512, stack(0x0000003eaa900000,0x0000003eaaa00000)]
  0x0000017549779000 JavaThread "Service Thread" daemon [_thread_blocked, id=18176, stack(0x0000003eaaa00000,0x0000003eaab00000)]
  0x00000175499ed800 JavaThread "RMI TCP Accept-0" daemon [_thread_in_native, id=3420, stack(0x0000003eaab00000,0x0000003eaac00000)]
  0x00000175499e8800 JavaThread "RMI Scheduler(0)" daemon [_thread_blocked, id=13812, stack(0x0000003eaae00000,0x0000003eaaf00000)]
  0x000001754bd75800 JavaThread "timeoutChecker_1_1" daemon [_thread_blocked, id=18824, stack(0x0000003eab100000,0x0000003eab200000)]
  0x0000017549af4000 JavaThread "rpcMergeMessageSend_TMROLE_1_1" daemon [_thread_blocked, id=11060, stack(0x0000003eab200000,0x0000003eab300000)]
  0x000001754a1b3800 JavaThread "AsyncWorker_1_1" daemon [_thread_blocked, id=16500, stack(0x0000003eab000000,0x0000003eab100000)]
  0x0000017549b08800 JavaThread "timeoutChecker_2_1" daemon [_thread_blocked, id=13440, stack(0x0000003eab300000,0x0000003eab400000)]
  0x0000017549872000 JavaThread "rpcMergeMessageSend_RMROLE_1_1" daemon [_thread_blocked, id=6300, stack(0x0000003eab400000,0x0000003eab500000)]
  0x0000017549874000 JavaThread "lettuce-eventExecutorLoop-2-1" daemon [_thread_blocked, id=12812, stack(0x0000003eab500000,0x0000003eab600000)]
  0x0000017549872800 JavaThread "lettuce-eventExecutorLoop-2-2" daemon [_thread_blocked, id=20264, stack(0x0000003eab800000,0x0000003eab900000)]
  0x0000017549876000 JavaThread "spring.cloud.inetutils" daemon [_thread_blocked, id=20776, stack(0x0000003eabc00000,0x0000003eabd00000)]
  0x0000017549871000 JavaThread "logback-1" daemon [_thread_blocked, id=20832, stack(0x0000003eabe00000,0x0000003eabf00000)]
  0x0000017549873800 JavaThread "com.alibaba.nacos.naming.client.listener" daemon [_thread_blocked, id=20848, stack(0x0000003eabf00000,0x0000003eac000000)]
  0x0000017549870800 JavaThread "com.alibaba.nacos.client.naming.updater" daemon [_thread_blocked, id=20852, stack(0x0000003eac000000,0x0000003eac100000)]
  0x000001754a25d000 JavaThread "com.alibaba.nacos.client.naming.updater" daemon [_thread_blocked, id=20856, stack(0x0000003eac100000,0x0000003eac200000)]
  0x000001754a257800 JavaThread "com.alibaba.nacos.naming.failover" daemon [_thread_blocked, id=20860, stack(0x0000003eac200000,0x0000003eac300000)]
  0x000001754a25d800 JavaThread "com.alibaba.nacos.naming.push.receiver" daemon [_thread_in_native, id=20864, stack(0x0000003eac300000,0x0000003eac400000)]
  0x000001754a25a800 JavaThread "pool-4-thread-1" [_thread_in_native, id=21068, stack(0x0000003eabd00000,0x0000003eabe00000)]
  0x000001754a25b000 JavaThread "I/O dispatcher 1" [_thread_in_native, id=21084, stack(0x0000003eaba00000,0x0000003eabb00000)]
  0x000001754a25c000 JavaThread "I/O dispatcher 2" [_thread_in_native, id=21088, stack(0x0000003eac400000,0x0000003eac500000)]
  0x000001754a25e800 JavaThread "I/O dispatcher 3" [_thread_in_native, id=21092, stack(0x0000003eac500000,0x0000003eac600000)]
  0x000001754a25f000 JavaThread "I/O dispatcher 4" [_thread_in_native, id=21096, stack(0x0000003eac600000,0x0000003eac700000)]
  0x000001754a258000 JavaThread "I/O dispatcher 5" [_thread_in_native, id=21100, stack(0x0000003eac700000,0x0000003eac800000)]
  0x000001754a260000 JavaThread "I/O dispatcher 6" [_thread_in_native, id=21104, stack(0x0000003eac800000,0x0000003eac900000)]
  0x000001754a259000 JavaThread "I/O dispatcher 7" [_thread_in_native, id=21108, stack(0x0000003eac900000,0x0000003eaca00000)]
  0x000001754a260800 JavaThread "I/O dispatcher 8" [_thread_in_native, id=21112, stack(0x0000003eaca00000,0x0000003eacb00000)]
  0x000001754a259800 JavaThread "mysql-cj-abandoned-connection-cleanup" daemon [_thread_blocked, id=21300, stack(0x0000003eacb00000,0x0000003eacc00000)]
  0x000001754a266000 JavaThread "Druid-ConnectionPool-Create-2072605782" daemon [_thread_blocked, id=21352, stack(0x0000003eacc00000,0x0000003eacd00000)]
  0x000001754a264800 JavaThread "Druid-ConnectionPool-Destroy-2072605782" daemon [_thread_blocked, id=21356, stack(0x0000003eacd00000,0x0000003eace00000)]
  0x000001754a261800 JavaThread "fileListener_1_1" daemon [_thread_blocked, id=20524, stack(0x0000003eace00000,0x0000003eacf00000)]
  0x000001754a262800 JavaThread "NettyClientSelector_RMROLE_1_1" daemon [_thread_in_native, id=20668, stack(0x0000003eacf00000,0x0000003ead000000)]
  0x000001754a263000 JavaThread "Catalina-utility-1" [_thread_blocked, id=7660, stack(0x0000003ead000000,0x0000003ead100000)]
  0x000001754a264000 JavaThread "Catalina-utility-2" [_thread_blocked, id=21284, stack(0x0000003ead100000,0x0000003ead200000)]
  0x000001754a265800 JavaThread "container-0" [_thread_blocked, id=7308, stack(0x0000003ead200000,0x0000003ead300000)]
  0x0000017549875000 JavaThread "fileListener_2_1" daemon [_thread_blocked, id=21616, stack(0x0000003ead300000,0x0000003ead400000)]
  0x0000017549876800 JavaThread "fileListener_3_1" daemon [_thread_blocked, id=21620, stack(0x0000003ead400000,0x0000003ead500000)]
  0x000001754e602800 JavaThread "lettuce-nioEventLoop-4-1" daemon [_thread_in_native, id=21720, stack(0x0000003ead500000,0x0000003ead600000)]
  0x000001754e5fb800 JavaThread "lettuce-eventExecutorLoop-2-3" daemon [_thread_blocked, id=21740, stack(0x0000003ead600000,0x0000003ead700000)]
  0x000001754e601800 JavaThread "Thread-8" daemon [_thread_blocked, id=21744, stack(0x0000003ead700000,0x0000003ead800000)]
  0x000001754e5fd800 JavaThread "SimplePauseDetectorThread_0" daemon [_thread_blocked, id=21748, stack(0x0000003ead800000,0x0000003ead900000)]
  0x000001754e5fe800 JavaThread "SimplePauseDetectorThread_1" daemon [_thread_blocked, id=21752, stack(0x0000003ead900000,0x0000003eada00000)]
  0x000001754e5fd000 JavaThread "SimplePauseDetectorThread_2" daemon [_thread_blocked, id=21756, stack(0x0000003eada00000,0x0000003eadb00000)]
  0x000001754e5fc000 JavaThread "lettuce-eventExecutorLoop-2-4" daemon [_thread_blocked, id=21760, stack(0x0000003eadb00000,0x0000003eadc00000)]
  0x000001754e606800 JavaThread "lettuce-eventExecutorLoop-2-5" daemon [_thread_blocked, id=21764, stack(0x0000003eadc00000,0x0000003eadd00000)]
  0x000001754e601000 JavaThread "lettuce-eventExecutorLoop-2-6" daemon [_thread_blocked, id=21768, stack(0x0000003eadd00000,0x0000003eade00000)]
  0x000001754e603000 JavaThread "lettuce-eventExecutorLoop-2-7" daemon [_thread_blocked, id=21772, stack(0x0000003eade00000,0x0000003eadf00000)]
  0x000001754e600000 JavaThread "AsyncReporter{RestTemplateSender{http://localhost:9411/api/v2/spans}}" daemon [_thread_blocked, id=21776, stack(0x0000003eadf00000,0x0000003eae000000)]
  0x000001754e604000 JavaThread "lettuce-eventExecutorLoop-2-8" daemon [_thread_blocked, id=21780, stack(0x0000003eae000000,0x0000003eae100000)]
  0x000001754e5ff000 JavaThread "Thread-12" daemon [_thread_in_native, id=21872, stack(0x0000003eae100000,0x0000003eae200000)]
  0x000001754e609800 JavaThread "redisson-netty-5-1" [_thread_in_native, id=22256, stack(0x0000003eae300000,0x0000003eae400000)]
  0x000001754e605800 JavaThread "redisson-netty-5-2" [_thread_in_native, id=22272, stack(0x0000003eae400000,0x0000003eae500000)]
  0x000001754e604800 JavaThread "redisson-netty-5-3" [_thread_in_native, id=22276, stack(0x0000003eae500000,0x0000003eae600000)]
  0x000001754e608000 JavaThread "redisson-netty-5-4" [_thread_in_native, id=22280, stack(0x0000003eae600000,0x0000003eae700000)]
  0x000001754e608800 JavaThread "redisson-netty-5-5" [_thread_blocked, id=22284, stack(0x0000003eae700000,0x0000003eae800000)]
  0x000001754e60a000 JavaThread "redisson-netty-5-6" [_thread_in_native, id=22288, stack(0x0000003eae800000,0x0000003eae900000)]
  0x000001754e944000 JavaThread "redisson-netty-5-7" [_thread_in_native, id=22292, stack(0x0000003eae900000,0x0000003eaea00000)]
  0x000001754e949000 JavaThread "redisson-netty-5-8" [_thread_in_native, id=22296, stack(0x0000003eaea00000,0x0000003eaeb00000)]
  0x000001754e94a800 JavaThread "redisson-netty-5-9" [_thread_in_native, id=22300, stack(0x0000003eaeb00000,0x0000003eaec00000)]
  0x000001754e948000 JavaThread "redisson-netty-5-10" [_thread_in_native, id=22304, stack(0x0000003eaec00000,0x0000003eaed00000)]
  0x000001754e945800 JavaThread "redisson-netty-5-11" [_thread_in_native, id=22308, stack(0x0000003eaed00000,0x0000003eaee00000)]
  0x000001754e949800 JavaThread "redisson-netty-5-12" [_thread_in_native, id=22312, stack(0x0000003eaee00000,0x0000003eaef00000)]
  0x000001754e947000 JavaThread "redisson-netty-5-13" [_thread_in_native, id=22316, stack(0x0000003eaef00000,0x0000003eaf000000)]
  0x000001754e943800 JavaThread "redisson-netty-5-14" [_thread_in_native, id=22320, stack(0x0000003eaf000000,0x0000003eaf100000)]
  0x000001754e94b000 JavaThread "redisson-netty-5-15" [_thread_in_native, id=22324, stack(0x0000003eaf100000,0x0000003eaf200000)]
  0x000001754e945000 JavaThread "redisson-netty-5-16" [_thread_in_native, id=22364, stack(0x0000003eaf200000,0x0000003eaf300000)]
  0x000001754e94c000 JavaThread "Timer-0" daemon [_thread_blocked, id=22760, stack(0x0000003eae200000,0x0000003eae300000)]
  0x000001754e94d800 JavaThread "com.alibaba.nacos.client.naming.updater" daemon [_thread_blocked, id=22796, stack(0x0000003eaf400000,0x0000003eaf500000)]
  0x000001754e946800 JavaThread "Nacos-Watch-Task-Scheduler-1" [_thread_blocked, id=22800, stack(0x0000003eaf500000,0x0000003eaf600000)]
  0x000001754e94f000 JavaThread "http-nio-9502-BlockPoller" daemon [_thread_in_native, id=22804, stack(0x0000003eaf600000,0x0000003eaf700000)]
  0x000001754e950800 JavaThread "http-nio-9502-exec-1" daemon [_thread_blocked, id=22808, stack(0x0000003eaf700000,0x0000003eaf800000)]
  0x000001754e952000 JavaThread "http-nio-9502-exec-2" daemon [_thread_blocked, id=22812, stack(0x0000003eaf800000,0x0000003eaf900000)]
  0x000001754e94e800 JavaThread "http-nio-9502-exec-3" daemon [_thread_blocked, id=22816, stack(0x0000003eaf900000,0x0000003eafa00000)]
  0x000001754e951800 JavaThread "http-nio-9502-exec-4" daemon [_thread_blocked, id=22820, stack(0x0000003eafa00000,0x0000003eafb00000)]
  0x000001754e950000 JavaThread "http-nio-9502-exec-5" daemon [_thread_blocked, id=22824, stack(0x0000003eafb00000,0x0000003eafc00000)]
  0x000001754e607000 JavaThread "http-nio-9502-exec-6" daemon [_thread_blocked, id=22828, stack(0x0000003eafc00000,0x0000003eafd00000)]
  0x000001754ef88000 JavaThread "http-nio-9502-exec-7" daemon [_thread_blocked, id=22832, stack(0x0000003eafd00000,0x0000003eafe00000)]
  0x000001754ef8a800 JavaThread "http-nio-9502-exec-8" daemon [_thread_blocked, id=22836, stack(0x0000003eafe00000,0x0000003eaff00000)]
  0x000001754ef8b000 JavaThread "http-nio-9502-exec-9" daemon [_thread_blocked, id=22840, stack(0x0000003eaff00000,0x0000003eb0000000)]
  0x000001754ef88800 JavaThread "http-nio-9502-exec-10" daemon [_thread_blocked, id=22844, stack(0x0000003eb0000000,0x0000003eb0100000)]
  0x000001754ef8c000 JavaThread "http-nio-9502-ClientPoller" daemon [_thread_in_native, id=22848, stack(0x0000003eb0100000,0x0000003eb0200000)]
  0x000001754ef8c800 JavaThread "http-nio-9502-Acceptor" daemon [_thread_in_native, id=22852, stack(0x0000003eb0200000,0x0000003eb0300000)]
  0x000001754ef8d800 JavaThread "com.alibaba.nacos.naming.beat.sender" daemon [_thread_blocked, id=22856, stack(0x0000003eb0300000,0x0000003eb0400000)]
  0x000001754ef8e000 JavaThread "com.alibaba.nacos.client.naming.updater" daemon [_thread_blocked, id=23000, stack(0x0000003eb0400000,0x0000003eb0500000)]
  0x000001754ef8f000 JavaThread "lettuce-nioEventLoop-4-2" daemon [_thread_in_native, id=23352, stack(0x0000003eb0700000,0x0000003eb0800000)]
  0x000001754ef90800 JavaThread "logback-2" daemon [_thread_blocked, id=23356, stack(0x0000003eb0800000,0x0000003eb0900000)]
  0x000001754ef87000 JavaThread "pool-7-thread-1" [_thread_blocked, id=23416, stack(0x0000003eb0500000,0x0000003eb0600000)]
  0x000001754ef90000 JavaThread "registrationTask1" [_thread_blocked, id=23420, stack(0x0000003eb0600000,0x0000003eb0700000)]
  0x000001754ef89800 JavaThread "DestroyJavaVM" [_thread_blocked, id=8672, stack(0x0000003ea8900000,0x0000003ea8a00000)]
  0x000001754ef93000 JavaThread "AMQP Connection 127.0.0.1:5672" [_thread_in_native, id=23508, stack(0x0000003eb0900000,0x0000003eb0a00000)]
  0x000001754ef93800 JavaThread "pool-3-thread-2" [_thread_blocked, id=23520, stack(0x0000003eb0b00000,0x0000003eb0c00000)]
  0x000001754ef94800 JavaThread "boundedElastic-evictor-1" daemon [_thread_blocked, id=22500, stack(0x0000003eb0c00000,0x0000003eb0d00000)]
  0x000001754ef91800 JavaThread "boundedElastic-1" daemon [_thread_blocked, id=22548, stack(0x0000003eb0e00000,0x0000003eb0f00000)]
  0x000001754ef96000 JavaThread "lettuce-nioEventLoop-4-3" daemon [_thread_in_native, id=18620, stack(0x0000003eb0f00000,0x0000003eb1000000)]
  0x000001754ef92000 JavaThread "rpcDispatch_RMROLE_1_1_16" daemon [_thread_blocked, id=22744, stack(0x0000003ea8700000,0x0000003ea8800000)]
  0x000001754e9ca800 JavaThread "com.alibaba.nacos.naming.beat.sender" daemon [_thread_blocked, id=22860, stack(0x0000003ea8800000,0x0000003ea8900000)]
  0x000001754e9cb800 JavaThread "com.alibaba.nacos.naming.beat.sender" daemon [_thread_blocked, id=23600, stack(0x0000003eb0a00000,0x0000003eb0b00000)]
  0x000001754e9cd000 JavaThread "com.alibaba.nacos.client.naming.updater" daemon [_thread_blocked, id=23712, stack(0x0000003eb1000000,0x0000003eb1100000)]
  0x000001754e9c9000 JavaThread "com.alibaba.nacos.naming.beat.sender" daemon [_thread_blocked, id=24520, stack(0x0000003eb1100000,0x0000003eb1200000)]
  0x000001754e9d0000 JavaThread "com.alibaba.nacos.client.naming.updater" daemon [_thread_blocked, id=23844, stack(0x0000003eb1200000,0x0000003eb1300000)]
  0x000001754e9cc000 JavaThread "NettyClientSelector_TMROLE_1_1" daemon [_thread_in_native, id=12100, stack(0x0000003eb1300000,0x0000003eb1400000)]
  0x000001754e9cd800 JavaThread "logback-3" daemon [_thread_blocked, id=23656, stack(0x0000003eb1400000,0x0000003eb1500000)]
  0x000001754e9d1000 JavaThread "logback-4" daemon [_thread_blocked, id=26316, stack(0x0000003eb1500000,0x0000003eb1600000)]
  0x000001754e9ce800 JavaThread "logback-5" daemon [_thread_blocked, id=26988, stack(0x0000003eb0d00000,0x0000003eb0e00000)]
  0x000001754e9ca000 JavaThread "logback-6" daemon [_thread_blocked, id=7780, stack(0x0000003eaad00000,0x0000003eaae00000)]
  0x000001754e9d3000 JavaThread "logback-7" daemon [_thread_blocked, id=20484, stack(0x0000003eab600000,0x0000003eab700000)]
  0x000001754e9d1800 JavaThread "logback-8" daemon [_thread_blocked, id=24844, stack(0x0000003eb1600000,0x0000003eb1700000)]
  0x000001754e94c800 JavaThread "Keep-Alive-Timer" daemon [_thread_blocked, id=36728, stack(0x0000003eaaf00000,0x0000003eab000000)]

Other Threads:
=>0x0000017547fa9000 VMThread "VM Thread" [stack: 0x0000003ea9e00000,0x0000003ea9f00000] [id=11088] _threads_hazard_ptr=0x0000017553a7a9c0
  0x00000175499c5000 WatcherThread [stack: 0x0000003eaac00000,0x0000003eaad00000] [id=17124]
  0x000001751a624000 GCTaskThread "GC Thread#0" [stack: 0x0000003ea8a00000,0x0000003ea8b00000] [id=5500]
  0x000001751a625800 GCTaskThread "GC Thread#1" [stack: 0x0000003ea8b00000,0x0000003ea8c00000] [id=10116]
  0x000001751a627000 GCTaskThread "GC Thread#2" [stack: 0x0000003ea8c00000,0x0000003ea8d00000] [id=12664]
  0x000001751a629800 GCTaskThread "GC Thread#3" [stack: 0x0000003ea8d00000,0x0000003ea8e00000] [id=2612]
  0x000001751a62b000 GCTaskThread "GC Thread#4" [stack: 0x0000003ea8e00000,0x0000003ea8f00000] [id=3604]
  0x000001751a62c000 GCTaskThread "GC Thread#5" [stack: 0x0000003ea8f00000,0x0000003ea9000000] [id=12568]
  0x000001751a62f800 GCTaskThread "GC Thread#6" [stack: 0x0000003ea9000000,0x0000003ea9100000] [id=304]
  0x000001751a630800 GCTaskThread "GC Thread#7" [stack: 0x0000003ea9100000,0x0000003ea9200000] [id=17320]
  0x000001751a69f000 ConcurrentGCThread "G1 Main Marker" [stack: 0x0000003ea9200000,0x0000003ea9300000] [id=14968]
  0x000001751a6a0800 ConcurrentGCThread "G1 Conc#0" [stack: 0x0000003ea9300000,0x0000003ea9400000] [id=14484]
  0x000001751a6a2000 ConcurrentGCThread "G1 Conc#1" [stack: 0x0000003ea9400000,0x0000003ea9500000] [id=9580]
  0x00000175453ec000 ConcurrentGCThread "G1 Refine#0" [stack: 0x0000003ea9500000,0x0000003ea9600000] [id=3308]
  0x0000017547e28800 ConcurrentGCThread "G1 Refine#1" [stack: 0x0000003ea9600000,0x0000003ea9700000] [id=18152]
  0x00000175453ee000 ConcurrentGCThread "G1 Refine#2" [stack: 0x0000003ea9700000,0x0000003ea9800000] [id=17280]
  0x0000017547e29000 ConcurrentGCThread "G1 Refine#3" [stack: 0x0000003ea9800000,0x0000003ea9900000] [id=4080]
  0x0000017547e2d000 ConcurrentGCThread "G1 Refine#4" [stack: 0x0000003ea9900000,0x0000003ea9a00000] [id=10848]
  0x0000017547e2e000 ConcurrentGCThread "G1 Refine#5" [stack: 0x0000003ea9a00000,0x0000003ea9b00000] [id=1576]
  0x0000017547e33000 ConcurrentGCThread "G1 Refine#6" [stack: 0x0000003ea9b00000,0x0000003ea9c00000] [id=9868]
  0x0000017547e38800 ConcurrentGCThread "G1 Refine#7" [stack: 0x0000003ea9c00000,0x0000003ea9d00000] [id=10644]
  0x0000017547e39800 ConcurrentGCThread "G1 Young RemSet Sampling" [stack: 0x0000003ea9d00000,0x0000003ea9e00000] [id=6444]

Threads with active compile tasks:

VM state:at safepoint (normal execution)

VM Mutex/Monitor currently owned by a thread:  ([mutex/lock_event])
[0x000001751a60a810] Threads_lock - owner thread: 0x0000017547fa9000

Heap address: 0x0000000642600000, size: 6106 MB, Compressed Oops mode: Zero based, Oop shift amount: 3
Narrow klass base: 0x0000000000000000, Narrow klass shift: 3
Compressed class space size: 1073741824 Address: 0x00000007c0000000

Heap:
 garbage-first heap   total 391168K, used 269147K [0x0000000642600000, 0x00000007c0000000)
  region size 1024K, 208 young (212992K), 15 survivors (15360K)
 Metaspace       used 89787K, capacity 92574K, committed 92800K, reserved 1130496K
  class space    used 11019K, capacity 12070K, committed 12160K, reserved 1048576K
Heap Regions: E=young(eden), S=young(survivor), O=old, HS=humongous(starts), HC=humongous(continues), CS=collection set, F=free, A=archive, TS=gc time stamp, AC=allocation context, TAMS=top-at-mark-start (previous, next)
|   0|0x0000000642600000, 0x0000000642700000, 0x0000000642700000|100%|HS|  |TS  0|AC  0|TAMS 0x0000000642700000, 0x0000000642700000|
|   1|0x0000000642700000, 0x0000000642800000, 0x0000000642800000|100%| O|  |TS  0|AC  0|TAMS 0x0000000642800000, 0x0000000642800000|
|   2|0x0000000642800000, 0x0000000642900000, 0x0000000642900000|100%| O|  |TS  0|AC  0|TAMS 0x0000000642900000, 0x0000000642900000|
|   3|0x0000000642900000, 0x0000000642a00000, 0x0000000642a00000|100%| O|  |TS  0|AC  0|TAMS 0x0000000642a00000, 0x0000000642a00000|
|   4|0x0000000642a00000, 0x0000000642b00000, 0x0000000642b00000|100%| O|  |TS  0|AC  0|TAMS 0x0000000642b00000, 0x0000000642b00000|
|   5|0x0000000642b00000, 0x0000000642c00000, 0x0000000642c00000|100%| O|  |TS  0|AC  0|TAMS 0x0000000642c00000, 0x0000000642c00000|
|   6|0x0000000642c00000, 0x0000000642d00000, 0x0000000642d00000|100%| O|  |TS  0|AC  0|TAMS 0x0000000642d00000, 0x0000000642d00000|
|   7|0x0000000642d00000, 0x0000000642e00000, 0x0000000642e00000|100%| O|  |TS  0|AC  0|TAMS 0x0000000642e00000, 0x0000000642e00000|
|   8|0x0000000642e00000, 0x0000000642f00000, 0x0000000642f00000|100%| O|  |TS  0|AC  0|TAMS 0x0000000642f00000, 0x0000000642f00000|
|   9|0x0000000642f00000, 0x0000000643000000, 0x0000000643000000|100%| O|  |TS  0|AC  0|TAMS 0x0000000643000000, 0x0000000643000000|
|  10|0x0000000643000000, 0x0000000643100000, 0x0000000643100000|100%| O|  |TS  0|AC  0|TAMS 0x0000000643100000, 0x0000000643100000|
|  11|0x0000000643100000, 0x0000000643200000, 0x0000000643200000|100%| O|  |TS  0|AC  0|TAMS 0x0000000643200000, 0x0000000643200000|
|  12|0x0000000643200000, 0x0000000643300000, 0x0000000643300000|100%| O|  |TS  0|AC  0|TAMS 0x0000000643300000, 0x0000000643300000|
|  13|0x0000000643300000, 0x0000000643400000, 0x0000000643400000|100%| O|  |TS  0|AC  0|TAMS 0x0000000643400000, 0x0000000643400000|
|  14|0x0000000643400000, 0x0000000643500000, 0x0000000643500000|100%| O|  |TS  0|AC  0|TAMS 0x0000000643500000, 0x0000000643500000|
|  15|0x0000000643500000, 0x0000000643600000, 0x0000000643600000|100%| O|  |TS  0|AC  0|TAMS 0x0000000643600000, 0x0000000643600000|
|  16|0x0000000643600000, 0x0000000643700000, 0x0000000643700000|100%| O|  |TS  0|AC  0|TAMS 0x0000000643700000, 0x0000000643700000|
|  17|0x0000000643700000, 0x0000000643800000, 0x0000000643800000|100%| O|  |TS  0|AC  0|TAMS 0x0000000643800000, 0x0000000643800000|
|  18|0x0000000643800000, 0x0000000643900000, 0x0000000643900000|100%| O|  |TS  1|AC  0|TAMS 0x00000006438ce000, 0x00000006438ce000|
|  19|0x0000000643900000, 0x0000000643a00000, 0x0000000643a00000|100%| O|  |TS  1|AC  0|TAMS 0x0000000643900000, 0x0000000643900000|
|  20|0x0000000643a00000, 0x0000000643b00000, 0x0000000643b00000|100%| O|  |TS  1|AC  0|TAMS 0x0000000643a00000, 0x0000000643a00000|
|  21|0x0000000643b00000, 0x0000000643c00000, 0x0000000643c00000|100%| O|  |TS  1|AC  0|TAMS 0x0000000643b00000, 0x0000000643b00000|
|  22|0x0000000643c00000, 0x0000000643d00000, 0x0000000643d00000|100%| O|  |TS  1|AC  0|TAMS 0x0000000643c00000, 0x0000000643c00000|
|  23|0x0000000643d00000, 0x0000000643e00000, 0x0000000643e00000|100%| O|  |TS  1|AC  0|TAMS 0x0000000643d00000, 0x0000000643d00000|
|  24|0x0000000643e00000, 0x0000000643f00000, 0x0000000643f00000|100%| O|  |TS  1|AC  0|TAMS 0x0000000643e00000, 0x0000000643e00000|
|  25|0x0000000643f00000, 0x0000000644000000, 0x0000000644000000|100%| O|  |TS  1|AC  0|TAMS 0x0000000643f00000, 0x0000000643f00000|
|  26|0x0000000644000000, 0x0000000644100000, 0x0000000644100000|100%| O|  |TS  1|AC  0|TAMS 0x0000000644000000, 0x0000000644000000|
|  27|0x0000000644100000, 0x0000000644200000, 0x0000000644200000|100%| O|  |TS  1|AC  0|TAMS 0x0000000644100000, 0x0000000644100000|
|  28|0x0000000644200000, 0x0000000644300000, 0x0000000644300000|100%| O|  |TS  1|AC  0|TAMS 0x0000000644200000, 0x0000000644200000|
|  29|0x0000000644300000, 0x0000000644400000, 0x0000000644400000|100%| O|  |TS  1|AC  0|TAMS 0x0000000644300000, 0x0000000644300000|
|  30|0x0000000644400000, 0x0000000644500000, 0x0000000644500000|100%| O|  |TS  1|AC  0|TAMS 0x0000000644400000, 0x0000000644400000|
|  31|0x0000000644500000, 0x0000000644600000, 0x0000000644600000|100%| O|  |TS  2|AC  0|TAMS 0x0000000644500000, 0x0000000644500000|
|  32|0x0000000644600000, 0x0000000644700000, 0x0000000644700000|100%| O|  |TS  2|AC  0|TAMS 0x0000000644600000, 0x0000000644600000|
|  33|0x0000000644700000, 0x0000000644800000, 0x0000000644800000|100%| O|  |TS  2|AC  0|TAMS 0x0000000644700000, 0x0000000644700000|
|  34|0x0000000644800000, 0x0000000644900000, 0x0000000644900000|100%| O|  |TS  2|AC  0|TAMS 0x0000000644800000, 0x0000000644800000|
|  35|0x0000000644900000, 0x0000000644a00000, 0x0000000644a00000|100%| O|  |TS  2|AC  0|TAMS 0x0000000644900000, 0x0000000644900000|
|  36|0x0000000644a00000, 0x0000000644b00000, 0x0000000644b00000|100%| O|  |TS  2|AC  0|TAMS 0x0000000644a00000, 0x0000000644a00000|
|  37|0x0000000644b00000, 0x0000000644c00000, 0x0000000644c00000|100%| O|  |TS  2|AC  0|TAMS 0x0000000644b00000, 0x0000000644b00000|
|  38|0x0000000644c00000, 0x0000000644d00000, 0x0000000644d00000|100%| O|  |TS  2|AC  0|TAMS 0x0000000644c00000, 0x0000000644c00000|
|  39|0x0000000644d00000, 0x0000000644e00000, 0x0000000644e00000|100%| O|  |TS  3|AC  0|TAMS 0x0000000644d00000, 0x0000000644d00000|
|  40|0x0000000644e00000, 0x0000000644f00000, 0x0000000644f00000|100%| O|  |TS  3|AC  0|TAMS 0x0000000644e00000, 0x0000000644e00000|
|  41|0x0000000644f00000, 0x0000000645000000, 0x0000000645000000|100%| O|  |TS  3|AC  0|TAMS 0x0000000644f00000, 0x0000000644f00000|
|  42|0x0000000645000000, 0x0000000645100000, 0x0000000645100000|100%| O|  |TS  3|AC  0|TAMS 0x0000000645000000, 0x0000000645000000|
|  43|0x0000000645100000, 0x0000000645200000, 0x0000000645200000|100%| O|  |TS  3|AC  0|TAMS 0x0000000645100000, 0x0000000645100000|
|  44|0x0000000645200000, 0x0000000645300000, 0x0000000645300000|100%| O|  |TS  3|AC  0|TAMS 0x0000000645200000, 0x0000000645200000|
|  45|0x0000000645300000, 0x0000000645400000, 0x0000000645400000|100%| O|  |TS  3|AC  0|TAMS 0x0000000645300000, 0x0000000645300000|
|  46|0x0000000645400000, 0x0000000645500000, 0x0000000645500000|100%| O|  |TS  3|AC  0|TAMS 0x0000000645400000, 0x0000000645400000|
|  47|0x0000000645500000, 0x0000000645600000, 0x0000000645600000|100%| O|  |TS  3|AC  0|TAMS 0x0000000645500000, 0x0000000645500000|
|  48|0x0000000645600000, 0x0000000645700000, 0x0000000645700000|100%| O|  |TS  3|AC  0|TAMS 0x0000000645600000, 0x0000000645600000|
|  49|0x0000000645700000, 0x0000000645800000, 0x0000000645800000|100%| O|  |TS  5|AC  0|TAMS 0x0000000645700000, 0x0000000645700000|
|  50|0x0000000645800000, 0x0000000645900000, 0x0000000645900000|100%| O|  |TS  5|AC  0|TAMS 0x0000000645800000, 0x0000000645800000|
|  51|0x0000000645900000, 0x0000000645a00000, 0x0000000645a00000|100%| O|  |TS  5|AC  0|TAMS 0x0000000645900000, 0x0000000645900000|
|  52|0x0000000645a00000, 0x0000000645b00000, 0x0000000645b00000|100%| O|  |TS  5|AC  0|TAMS 0x0000000645a00000, 0x0000000645a00000|
|  53|0x0000000645b00000, 0x0000000645c00000, 0x0000000645c00000|100%| O|  |TS  5|AC  0|TAMS 0x0000000645b00000, 0x0000000645b00000|
|  54|0x0000000645c00000, 0x0000000645d00000, 0x0000000645d00000|100%| O|  |TS  5|AC  0|TAMS 0x0000000645c00000, 0x0000000645c00000|
|  55|0x0000000645d00000, 0x0000000645e00000, 0x0000000645e00000|100%| O|  |TS  5|AC  0|TAMS 0x0000000645d00000, 0x0000000645d00000|
|  56|0x0000000645e00000, 0x0000000645e5f800, 0x0000000645f00000| 37%| O|  |TS  5|AC  0|TAMS 0x0000000645e00000, 0x0000000645e00000|
|  57|0x0000000645f00000, 0x0000000645f00000, 0x0000000646000000|  0%| F|  |TS  0|AC  0|TAMS 0x0000000645f00000, 0x0000000645f00000|
|  58|0x0000000646000000, 0x0000000646000000, 0x0000000646100000|  0%| F|  |TS  0|AC  0|TAMS 0x0000000646000000, 0x0000000646000000|
|  59|0x0000000646100000, 0x0000000646100000, 0x0000000646200000|  0%| F|  |TS  0|AC  0|TAMS 0x0000000646100000, 0x0000000646100000|
|  60|0x0000000646200000, 0x0000000646200000, 0x0000000646300000|  0%| F|  |TS  0|AC  0|TAMS 0x0000000646200000, 0x0000000646200000|
|  61|0x0000000646300000, 0x0000000646300000, 0x0000000646400000|  0%| F|  |TS  0|AC  0|TAMS 0x0000000646300000, 0x0000000646300000|
|  62|0x0000000646400000, 0x0000000646400000, 0x0000000646500000|  0%| F|  |TS  0|AC  0|TAMS 0x0000000646400000, 0x0000000646400000|
|  63|0x0000000646500000, 0x0000000646500000, 0x0000000646600000|  0%| F|  |TS  0|AC  0|TAMS 0x0000000646500000, 0x0000000646500000|
|  64|0x0000000646600000, 0x0000000646600000, 0x0000000646700000|  0%| F|  |TS  0|AC  0|TAMS 0x0000000646600000, 0x0000000646600000|
|  65|0x0000000646700000, 0x0000000646700000, 0x0000000646800000|  0%| F|  |TS  0|AC  0|TAMS 0x0000000646700000, 0x0000000646700000|
|  66|0x0000000646800000, 0x0000000646800000, 0x0000000646900000|  0%| F|  |TS  0|AC  0|TAMS 0x0000000646800000, 0x0000000646800000|
|  67|0x0000000646900000, 0x0000000646900000, 0x0000000646a00000|  0%| F|  |TS  0|AC  0|TAMS 0x0000000646900000, 0x0000000646900000|
|  68|0x0000000646a00000, 0x0000000646a00000, 0x0000000646b00000|  0%| F|  |TS  0|AC  0|TAMS 0x0000000646a00000, 0x0000000646a00000|
|  69|0x0000000646b00000, 0x0000000646b00000, 0x0000000646c00000|  0%| F|  |TS  0|AC  0|TAMS 0x0000000646b00000, 0x0000000646b00000|
|  70|0x0000000646c00000, 0x0000000646c00000, 0x0000000646d00000|  0%| F|  |TS  0|AC  0|TAMS 0x0000000646c00000, 0x0000000646c00000|
|  71|0x0000000646d00000, 0x0000000646d00000, 0x0000000646e00000|  0%| F|  |TS  0|AC  0|TAMS 0x0000000646d00000, 0x0000000646d00000|
|  72|0x0000000646e00000, 0x0000000646e00000, 0x0000000646f00000|  0%| F|  |TS  0|AC  0|TAMS 0x0000000646e00000, 0x0000000646e00000|
|  73|0x0000000646f00000, 0x0000000646f00000, 0x0000000647000000|  0%| F|  |TS  0|AC  0|TAMS 0x0000000646f00000, 0x0000000646f00000|
|  74|0x0000000647000000, 0x0000000647000000, 0x0000000647100000|  0%| F|  |TS  0|AC  0|TAMS 0x0000000647000000, 0x0000000647000000|
|  75|0x0000000647100000, 0x0000000647100000, 0x0000000647200000|  0%| F|  |TS  0|AC  0|TAMS 0x0000000647100000, 0x0000000647100000|
|  76|0x0000000647200000, 0x0000000647200000, 0x0000000647300000|  0%| F|  |TS  0|AC  0|TAMS 0x0000000647200000, 0x0000000647200000|
|  77|0x0000000647300000, 0x0000000647300000, 0x0000000647400000|  0%| F|  |TS  0|AC  0|TAMS 0x0000000647300000, 0x0000000647300000|
|  78|0x0000000647400000, 0x0000000647400000, 0x0000000647500000|  0%| F|  |TS  0|AC  0|TAMS 0x0000000647400000, 0x0000000647400000|
|  79|0x0000000647500000, 0x0000000647500000, 0x0000000647600000|  0%| F|  |TS  0|AC  0|TAMS 0x0000000647500000, 0x0000000647500000|
|  80|0x0000000647600000, 0x0000000647600000, 0x0000000647700000|  0%| F|  |TS  0|AC  0|TAMS 0x0000000647600000, 0x0000000647600000|
|  81|0x0000000647700000, 0x0000000647700000, 0x0000000647800000|  0%| F|  |TS  0|AC  0|TAMS 0x0000000647700000, 0x0000000647700000|
|  82|0x0000000647800000, 0x0000000647800000, 0x0000000647900000|  0%| F|  |TS  0|AC  0|TAMS 0x0000000647800000, 0x0000000647800000|
|  83|0x0000000647900000, 0x0000000647900000, 0x0000000647a00000|  0%| F|  |TS  0|AC  0|TAMS 0x0000000647900000, 0x0000000647900000|
|  84|0x0000000647a00000, 0x0000000647a00000, 0x0000000647b00000|  0%| F|  |TS  0|AC  0|TAMS 0x0000000647a00000, 0x0000000647a00000|
|  85|0x0000000647b00000, 0x0000000647b00000, 0x0000000647c00000|  0%| F|  |TS  0|AC  0|TAMS 0x0000000647b00000, 0x0000000647b00000|
|  86|0x0000000647c00000, 0x0000000647c00000, 0x0000000647d00000|  0%| F|  |TS  0|AC  0|TAMS 0x0000000647c00000, 0x0000000647c00000|
|  87|0x0000000647d00000, 0x0000000647d00000, 0x0000000647e00000|  0%| F|  |TS  0|AC  0|TAMS 0x0000000647d00000, 0x0000000647d00000|
|  88|0x0000000647e00000, 0x0000000647e00000, 0x0000000647f00000|  0%| F|  |TS  0|AC  0|TAMS 0x0000000647e00000, 0x0000000647e00000|
|  89|0x0000000647f00000, 0x0000000647f00000, 0x0000000648000000|  0%| F|  |TS  0|AC  0|TAMS 0x0000000647f00000, 0x0000000647f00000|
|  90|0x0000000648000000, 0x0000000648000000, 0x0000000648100000|  0%| F|  |TS  0|AC  0|TAMS 0x0000000648000000, 0x0000000648000000|
|  91|0x0000000648100000, 0x0000000648100000, 0x0000000648200000|  0%| F|  |TS  0|AC  0|TAMS 0x0000000648100000, 0x0000000648100000|
|  92|0x0000000648200000, 0x0000000648200000, 0x0000000648300000|  0%| F|  |TS  0|AC  0|TAMS 0x0000000648200000, 0x0000000648200000|
|  93|0x0000000648300000, 0x0000000648300000, 0x0000000648400000|  0%| F|  |TS  0|AC  0|TAMS 0x0000000648300000, 0x0000000648300000|
|  94|0x0000000648400000, 0x0000000648400000, 0x0000000648500000|  0%| F|  |TS  0|AC  0|TAMS 0x0000000648400000, 0x0000000648400000|
|  95|0x0000000648500000, 0x0000000648500000, 0x0000000648600000|  0%| F|  |TS  0|AC  0|TAMS 0x0000000648500000, 0x0000000648500000|
|  96|0x0000000648600000, 0x0000000648600000, 0x0000000648700000|  0%| F|  |TS  0|AC  0|TAMS 0x0000000648600000, 0x0000000648600000|
|  97|0x0000000648700000, 0x0000000648700000, 0x0000000648800000|  0%| F|  |TS  0|AC  0|TAMS 0x0000000648700000, 0x0000000648700000|
|  98|0x0000000648800000, 0x0000000648800000, 0x0000000648900000|  0%| F|  |TS  0|AC  0|TAMS 0x0000000648800000, 0x0000000648800000|
|  99|0x0000000648900000, 0x0000000648900000, 0x0000000648a00000|  0%| F|  |TS  0|AC  0|TAMS 0x0000000648900000, 0x0000000648900000|
| 100|0x0000000648a00000, 0x0000000648a00000, 0x0000000648b00000|  0%| F|  |TS  0|AC  0|TAMS 0x0000000648a00000, 0x0000000648a00000|
| 101|0x0000000648b00000, 0x0000000648b00000, 0x0000000648c00000|  0%| F|  |TS  0|AC  0|TAMS 0x0000000648b00000, 0x0000000648b00000|
| 102|0x0000000648c00000, 0x0000000648c00000, 0x0000000648d00000|  0%| F|  |TS  0|AC  0|TAMS 0x0000000648c00000, 0x0000000648c00000|
| 103|0x0000000648d00000, 0x0000000648d00000, 0x0000000648e00000|  0%| F|  |TS  0|AC  0|TAMS 0x0000000648d00000, 0x0000000648d00000|
| 104|0x0000000648e00000, 0x0000000648e00000, 0x0000000648f00000|  0%| F|  |TS  0|AC  0|TAMS 0x0000000648e00000, 0x0000000648e00000|
| 105|0x0000000648f00000, 0x0000000648f00000, 0x0000000649000000|  0%| F|  |TS  0|AC  0|TAMS 0x0000000648f00000, 0x0000000648f00000|
| 106|0x0000000649000000, 0x0000000649000000, 0x0000000649100000|  0%| F|  |TS  0|AC  0|TAMS 0x0000000649000000, 0x0000000649000000|
| 107|0x0000000649100000, 0x0000000649100000, 0x0000000649200000|  0%| F|  |TS  0|AC  0|TAMS 0x0000000649100000, 0x0000000649100000|
| 108|0x0000000649200000, 0x0000000649200000, 0x0000000649300000|  0%| F|  |TS  0|AC  0|TAMS 0x0000000649200000, 0x0000000649200000|
| 109|0x0000000649300000, 0x0000000649300000, 0x0000000649400000|  0%| F|  |TS  0|AC  0|TAMS 0x0000000649300000, 0x0000000649300000|
| 110|0x0000000649400000, 0x0000000649400000, 0x0000000649500000|  0%| F|  |TS  0|AC  0|TAMS 0x0000000649400000, 0x0000000649400000|
| 111|0x0000000649500000, 0x0000000649500000, 0x0000000649600000|  0%| F|  |TS  0|AC  0|TAMS 0x0000000649500000, 0x0000000649500000|
| 112|0x0000000649600000, 0x0000000649600000, 0x0000000649700000|  0%| F|  |TS  0|AC  0|TAMS 0x0000000649600000, 0x0000000649600000|
| 113|0x0000000649700000, 0x0000000649700000, 0x0000000649800000|  0%| F|  |TS  0|AC  0|TAMS 0x0000000649700000, 0x0000000649700000|
| 114|0x0000000649800000, 0x0000000649800000, 0x0000000649900000|  0%| F|  |TS  0|AC  0|TAMS 0x0000000649800000, 0x0000000649800000|
| 115|0x0000000649900000, 0x0000000649900000, 0x0000000649a00000|  0%| F|  |TS  0|AC  0|TAMS 0x0000000649900000, 0x0000000649900000|
| 116|0x0000000649a00000, 0x0000000649a00000, 0x0000000649b00000|  0%| F|  |TS  0|AC  0|TAMS 0x0000000649a00000, 0x0000000649a00000|
| 117|0x0000000649b00000, 0x0000000649b00000, 0x0000000649c00000|  0%| F|  |TS  0|AC  0|TAMS 0x0000000649b00000, 0x0000000649b00000|
| 118|0x0000000649c00000, 0x0000000649c00000, 0x0000000649d00000|  0%| F|  |TS  0|AC  0|TAMS 0x0000000649c00000, 0x0000000649c00000|
| 119|0x0000000649d00000, 0x0000000649d00000, 0x0000000649e00000|  0%| F|  |TS  0|AC  0|TAMS 0x0000000649d00000, 0x0000000649d00000|
| 120|0x0000000649e00000, 0x0000000649e00000, 0x0000000649f00000|  0%| F|  |TS  0|AC  0|TAMS 0x0000000649e00000, 0x0000000649e00000|
| 121|0x0000000649f00000, 0x0000000649f00000, 0x000000064a000000|  0%| F|  |TS  0|AC  0|TAMS 0x0000000649f00000, 0x0000000649f00000|
| 122|0x000000064a000000, 0x000000064a000000, 0x000000064a100000|  0%| F|  |TS  0|AC  0|TAMS 0x000000064a000000, 0x000000064a000000|
| 123|0x000000064a100000, 0x000000064a100000, 0x000000064a200000|  0%| F|  |TS  0|AC  0|TAMS 0x000000064a100000, 0x000000064a100000|
| 124|0x000000064a200000, 0x000000064a200000, 0x000000064a300000|  0%| F|  |TS  0|AC  0|TAMS 0x000000064a200000, 0x000000064a200000|
| 125|0x000000064a300000, 0x000000064a300000, 0x000000064a400000|  0%| F|  |TS  0|AC  0|TAMS 0x000000064a300000, 0x000000064a300000|
| 126|0x000000064a400000, 0x000000064a400000, 0x000000064a500000|  0%| F|  |TS  0|AC  0|TAMS 0x000000064a400000, 0x000000064a400000|
| 127|0x000000064a500000, 0x000000064a500000, 0x000000064a600000|  0%| F|  |TS  0|AC  0|TAMS 0x000000064a500000, 0x000000064a500000|
| 128|0x000000064a600000, 0x000000064a600000, 0x000000064a700000|  0%| F|  |TS  0|AC  0|TAMS 0x000000064a600000, 0x000000064a600000|
| 129|0x000000064a700000, 0x000000064a700000, 0x000000064a800000|  0%| F|  |TS  0|AC  0|TAMS 0x000000064a700000, 0x000000064a700000|
| 130|0x000000064a800000, 0x000000064a800000, 0x000000064a900000|  0%| F|  |TS  0|AC  0|TAMS 0x000000064a800000, 0x000000064a800000|
| 131|0x000000064a900000, 0x000000064a900000, 0x000000064aa00000|  0%| F|  |TS  5|AC  0|TAMS 0x000000064a900000, 0x000000064a900000|
| 132|0x000000064aa00000, 0x000000064aa00000, 0x000000064ab00000|  0%| F|  |TS  5|AC  0|TAMS 0x000000064aa00000, 0x000000064aa00000|
| 133|0x000000064ab00000, 0x000000064ab00000, 0x000000064ac00000|  0%| F|  |TS  5|AC  0|TAMS 0x000000064ab00000, 0x000000064ab00000|
| 134|0x000000064ac00000, 0x000000064ac00000, 0x000000064ad00000|  0%| F|  |TS  5|AC  0|TAMS 0x000000064ac00000, 0x000000064ac00000|
| 135|0x000000064ad00000, 0x000000064ad00000, 0x000000064ae00000|  0%| F|  |TS  5|AC  0|TAMS 0x000000064ad00000, 0x000000064ad00000|
| 136|0x000000064ae00000, 0x000000064ae00000, 0x000000064af00000|  0%| F|  |TS  5|AC  0|TAMS 0x000000064ae00000, 0x000000064ae00000|
| 137|0x000000064af00000, 0x000000064af00000, 0x000000064b000000|  0%| F|  |TS  4|AC  0|TAMS 0x000000064af00000, 0x000000064af00000|
| 138|0x000000064b000000, 0x000000064b000000, 0x000000064b100000|  0%| F|  |TS  4|AC  0|TAMS 0x000000064b000000, 0x000000064b000000|
| 139|0x000000064b100000, 0x000000064b100000, 0x000000064b200000|  0%| F|  |TS  4|AC  0|TAMS 0x000000064b100000, 0x000000064b100000|
| 140|0x000000064b200000, 0x000000064b200000, 0x000000064b300000|  0%| F|  |TS  4|AC  0|TAMS 0x000000064b200000, 0x000000064b200000|
| 141|0x000000064b300000, 0x000000064b300000, 0x000000064b400000|  0%| F|  |TS  4|AC  0|TAMS 0x000000064b300000, 0x000000064b300000|
| 142|0x000000064b400000, 0x000000064b400000, 0x000000064b500000|  0%| F|  |TS  4|AC  0|TAMS 0x000000064b400000, 0x000000064b400000|
| 143|0x000000064b500000, 0x000000064b500000, 0x000000064b600000|  0%| F|  |TS  4|AC  0|TAMS 0x000000064b500000, 0x000000064b500000|
| 144|0x000000064b600000, 0x000000064b6776d8, 0x000000064b700000| 46%| S|CS|TS  5|AC  0|TAMS 0x000000064b600000, 0x000000064b600000|
| 145|0x000000064b700000, 0x000000064b800000, 0x000000064b800000|100%| S|CS|TS  5|AC  0|TAMS 0x000000064b700000, 0x000000064b700000|
| 146|0x000000064b800000, 0x000000064b900000, 0x000000064b900000|100%| S|CS|TS  5|AC  0|TAMS 0x000000064b800000, 0x000000064b800000|
| 147|0x000000064b900000, 0x000000064ba00000, 0x000000064ba00000|100%| S|CS|TS  5|AC  0|TAMS 0x000000064b900000, 0x000000064b900000|
| 148|0x000000064ba00000, 0x000000064bb00000, 0x000000064bb00000|100%| S|CS|TS  5|AC  0|TAMS 0x000000064ba00000, 0x000000064ba00000|
| 149|0x000000064bb00000, 0x000000064bc00000, 0x000000064bc00000|100%| S|CS|TS  5|AC  0|TAMS 0x000000064bb00000, 0x000000064bb00000|
| 150|0x000000064bc00000, 0x000000064bd00000, 0x000000064bd00000|100%| S|CS|TS  5|AC  0|TAMS 0x000000064bc00000, 0x000000064bc00000|
| 151|0x000000064bd00000, 0x000000064be00000, 0x000000064be00000|100%| S|CS|TS  5|AC  0|TAMS 0x000000064bd00000, 0x000000064bd00000|
| 152|0x000000064be00000, 0x000000064bf00000, 0x000000064bf00000|100%| S|CS|TS  5|AC  0|TAMS 0x000000064be00000, 0x000000064be00000|
| 153|0x000000064bf00000, 0x000000064bf00000, 0x000000064c000000|  0%| F|  |TS  5|AC  0|TAMS 0x000000064bf00000, 0x000000064bf00000|
| 154|0x000000064c000000, 0x000000064c000000, 0x000000064c100000|  0%| F|  |TS  5|AC  0|TAMS 0x000000064c000000, 0x000000064c000000|
| 155|0x000000064c100000, 0x000000064c100000, 0x000000064c200000|  0%| F|  |TS  5|AC  0|TAMS 0x000000064c100000, 0x000000064c100000|
| 156|0x000000064c200000, 0x000000064c200000, 0x000000064c300000|  0%| F|  |TS  5|AC  0|TAMS 0x000000064c200000, 0x000000064c200000|
| 157|0x000000064c300000, 0x000000064c300000, 0x000000064c400000|  0%| F|  |TS  5|AC  0|TAMS 0x000000064c300000, 0x000000064c300000|
| 158|0x000000064c400000, 0x000000064c400000, 0x000000064c500000|  0%| F|  |TS  5|AC  0|TAMS 0x000000064c400000, 0x000000064c400000|
| 159|0x000000064c500000, 0x000000064c500000, 0x000000064c600000|  0%| F|  |TS  5|AC  0|TAMS 0x000000064c500000, 0x000000064c500000|
| 160|0x000000064c600000, 0x000000064c600000, 0x000000064c700000|  0%| F|  |TS  5|AC  0|TAMS 0x000000064c600000, 0x000000064c600000|
| 161|0x000000064c700000, 0x000000064c700000, 0x000000064c800000|  0%| F|  |TS  5|AC  0|TAMS 0x000000064c700000, 0x000000064c700000|
| 162|0x000000064c800000, 0x000000064c800000, 0x000000064c900000|  0%| F|  |TS  5|AC  0|TAMS 0x000000064c800000, 0x000000064c800000|
| 163|0x000000064c900000, 0x000000064c900000, 0x000000064ca00000|  0%| F|  |TS  5|AC  0|TAMS 0x000000064c900000, 0x000000064c900000|
| 164|0x000000064ca00000, 0x000000064ca00000, 0x000000064cb00000|  0%| F|  |TS  5|AC  0|TAMS 0x000000064ca00000, 0x000000064ca00000|
| 165|0x000000064cb00000, 0x000000064cb00000, 0x000000064cc00000|  0%| F|  |TS  5|AC  0|TAMS 0x000000064cb00000, 0x000000064cb00000|
| 166|0x000000064cc00000, 0x000000064cc00000, 0x000000064cd00000|  0%| F|  |TS  5|AC  0|TAMS 0x000000064cc00000, 0x000000064cc00000|
| 167|0x000000064cd00000, 0x000000064cd00000, 0x000000064ce00000|  0%| F|  |TS  5|AC  0|TAMS 0x000000064cd00000, 0x000000064cd00000|
| 168|0x000000064ce00000, 0x000000064ce00000, 0x000000064cf00000|  0%| F|  |TS  5|AC  0|TAMS 0x000000064ce00000, 0x000000064ce00000|
| 169|0x000000064cf00000, 0x000000064d000000, 0x000000064d000000|100%| S|CS|TS  5|AC  0|TAMS 0x000000064cf00000, 0x000000064cf00000|
| 170|0x000000064d000000, 0x000000064d100000, 0x000000064d100000|100%| S|CS|TS  5|AC  0|TAMS 0x000000064d000000, 0x000000064d000000|
| 171|0x000000064d100000, 0x000000064d200000, 0x000000064d200000|100%| S|CS|TS  5|AC  0|TAMS 0x000000064d100000, 0x000000064d100000|
| 172|0x000000064d200000, 0x000000064d300000, 0x000000064d300000|100%| S|CS|TS  5|AC  0|TAMS 0x000000064d200000, 0x000000064d200000|
| 173|0x000000064d300000, 0x000000064d400000, 0x000000064d400000|100%| S|CS|TS  5|AC  0|TAMS 0x000000064d300000, 0x000000064d300000|
| 174|0x000000064d400000, 0x000000064d500000, 0x000000064d500000|100%| S|CS|TS  5|AC  0|TAMS 0x000000064d400000, 0x000000064d400000|
| 175|0x000000064d500000, 0x000000064d500000, 0x000000064d600000|  0%| F|  |TS  5|AC  0|TAMS 0x000000064d500000, 0x000000064d500000|
| 176|0x000000064d600000, 0x000000064d600000, 0x000000064d700000|  0%| F|  |TS  5|AC  0|TAMS 0x000000064d600000, 0x000000064d600000|
| 177|0x000000064d700000, 0x000000064d700000, 0x000000064d800000|  0%| F|  |TS  5|AC  0|TAMS 0x000000064d700000, 0x000000064d700000|
| 178|0x000000064d800000, 0x000000064d800000, 0x000000064d900000|  0%| F|  |TS  5|AC  0|TAMS 0x000000064d800000, 0x000000064d800000|
| 179|0x000000064d900000, 0x000000064d900000, 0x000000064da00000|  0%| F|  |TS  5|AC  0|TAMS 0x000000064d900000, 0x000000064d900000|
| 180|0x000000064da00000, 0x000000064da00000, 0x000000064db00000|  0%| F|  |TS  5|AC  0|TAMS 0x000000064da00000, 0x000000064da00000|
| 181|0x000000064db00000, 0x000000064db00000, 0x000000064dc00000|  0%| F|  |TS  5|AC  0|TAMS 0x000000064db00000, 0x000000064db00000|
| 182|0x000000064dc00000, 0x000000064dc00000, 0x000000064dd00000|  0%| F|  |TS  5|AC  0|TAMS 0x000000064dc00000, 0x000000064dc00000|
| 183|0x000000064dd00000, 0x000000064dd00000, 0x000000064de00000|  0%| F|  |TS  5|AC  0|TAMS 0x000000064dd00000, 0x000000064dd00000|
| 184|0x000000064de00000, 0x000000064de00000, 0x000000064df00000|  0%| F|  |TS  5|AC  0|TAMS 0x000000064de00000, 0x000000064de00000|
| 185|0x000000064df00000, 0x000000064df00000, 0x000000064e000000|  0%| F|  |TS  5|AC  0|TAMS 0x000000064df00000, 0x000000064df00000|
| 186|0x000000064e000000, 0x000000064e000000, 0x000000064e100000|  0%| F|  |TS  5|AC  0|TAMS 0x000000064e000000, 0x000000064e000000|
| 187|0x000000064e100000, 0x000000064e100000, 0x000000064e200000|  0%| F|  |TS  5|AC  0|TAMS 0x000000064e100000, 0x000000064e100000|
| 188|0x000000064e200000, 0x000000064e200000, 0x000000064e300000|  0%| F|  |TS  5|AC  0|TAMS 0x000000064e200000, 0x000000064e200000|
| 189|0x000000064e300000, 0x000000064e349288, 0x000000064e400000| 28%| E|  |TS  5|AC  0|TAMS 0x000000064e300000, 0x000000064e300000|
| 190|0x000000064e400000, 0x000000064e500000, 0x000000064e500000|100%| E|CS|TS  5|AC  0|TAMS 0x000000064e400000, 0x000000064e400000|
| 191|0x000000064e500000, 0x000000064e600000, 0x000000064e600000|100%| E|CS|TS  5|AC  0|TAMS 0x000000064e500000, 0x000000064e500000|
| 192|0x000000064e600000, 0x000000064e700000, 0x000000064e700000|100%| E|CS|TS  5|AC  0|TAMS 0x000000064e600000, 0x000000064e600000|
| 193|0x000000064e700000, 0x000000064e800000, 0x000000064e800000|100%| E|CS|TS  5|AC  0|TAMS 0x000000064e700000, 0x000000064e700000|
| 194|0x000000064e800000, 0x000000064e900000, 0x000000064e900000|100%| E|CS|TS  5|AC  0|TAMS 0x000000064e800000, 0x000000064e800000|
| 195|0x000000064e900000, 0x000000064ea00000, 0x000000064ea00000|100%| E|CS|TS  5|AC  0|TAMS 0x000000064e900000, 0x000000064e900000|
| 196|0x000000064ea00000, 0x000000064eb00000, 0x000000064eb00000|100%| E|CS|TS  5|AC  0|TAMS 0x000000064ea00000, 0x000000064ea00000|
| 197|0x000000064eb00000, 0x000000064ec00000, 0x000000064ec00000|100%| E|CS|TS  5|AC  0|TAMS 0x000000064eb00000, 0x000000064eb00000|
| 198|0x000000064ec00000, 0x000000064ed00000, 0x000000064ed00000|100%| E|CS|TS  5|AC  0|TAMS 0x000000064ec00000, 0x000000064ec00000|
| 199|0x000000064ed00000, 0x000000064ee00000, 0x000000064ee00000|100%| E|CS|TS  5|AC  0|TAMS 0x000000064ed00000, 0x000000064ed00000|
| 200|0x000000064ee00000, 0x000000064ef00000, 0x000000064ef00000|100%| E|CS|TS  5|AC  0|TAMS 0x000000064ee00000, 0x000000064ee00000|
| 201|0x000000064ef00000, 0x000000064f000000, 0x000000064f000000|100%| E|CS|TS  5|AC  0|TAMS 0x000000064ef00000, 0x000000064ef00000|
| 202|0x000000064f000000, 0x000000064f100000, 0x000000064f100000|100%| E|CS|TS  5|AC  0|TAMS 0x000000064f000000, 0x000000064f000000|
| 203|0x000000064f100000, 0x000000064f200000, 0x000000064f200000|100%| E|CS|TS  5|AC  0|TAMS 0x000000064f100000, 0x000000064f100000|
| 204|0x000000064f200000, 0x000000064f300000, 0x000000064f300000|100%| E|CS|TS  5|AC  0|TAMS 0x000000064f200000, 0x000000064f200000|
| 205|0x000000064f300000, 0x000000064f400000, 0x000000064f400000|100%| E|CS|TS  5|AC  0|TAMS 0x000000064f300000, 0x000000064f300000|
| 206|0x000000064f400000, 0x000000064f500000, 0x000000064f500000|100%| E|CS|TS  5|AC  0|TAMS 0x000000064f400000, 0x000000064f400000|
| 207|0x000000064f500000, 0x000000064f600000, 0x000000064f600000|100%| E|CS|TS  5|AC  0|TAMS 0x000000064f500000, 0x000000064f500000|
| 208|0x000000064f600000, 0x000000064f700000, 0x000000064f700000|100%| E|CS|TS  5|AC  0|TAMS 0x000000064f600000, 0x000000064f600000|
| 209|0x000000064f700000, 0x000000064f800000, 0x000000064f800000|100%| E|CS|TS  5|AC  0|TAMS 0x000000064f700000, 0x000000064f700000|
| 210|0x000000064f800000, 0x000000064f900000, 0x000000064f900000|100%| E|CS|TS  5|AC  0|TAMS 0x000000064f800000, 0x000000064f800000|
| 211|0x000000064f900000, 0x000000064fa00000, 0x000000064fa00000|100%| E|CS|TS  5|AC  0|TAMS 0x000000064f900000, 0x000000064f900000|
| 212|0x000000064fa00000, 0x000000064fb00000, 0x000000064fb00000|100%| E|CS|TS  5|AC  0|TAMS 0x000000064fa00000, 0x000000064fa00000|
| 213|0x000000064fb00000, 0x000000064fc00000, 0x000000064fc00000|100%| E|CS|TS  5|AC  0|TAMS 0x000000064fb00000, 0x000000064fb00000|
| 214|0x000000064fc00000, 0x000000064fd00000, 0x000000064fd00000|100%| E|CS|TS  5|AC  0|TAMS 0x000000064fc00000, 0x000000064fc00000|
| 215|0x000000064fd00000, 0x000000064fe00000, 0x000000064fe00000|100%| E|CS|TS  5|AC  0|TAMS 0x000000064fd00000, 0x000000064fd00000|
| 216|0x000000064fe00000, 0x000000064ff00000, 0x000000064ff00000|100%| E|CS|TS  5|AC  0|TAMS 0x000000064fe00000, 0x000000064fe00000|
| 217|0x000000064ff00000, 0x0000000650000000, 0x0000000650000000|100%| E|CS|TS  5|AC  0|TAMS 0x000000064ff00000, 0x000000064ff00000|
| 218|0x0000000650000000, 0x0000000650100000, 0x0000000650100000|100%| E|CS|TS  5|AC  0|TAMS 0x0000000650000000, 0x0000000650000000|
| 219|0x0000000650100000, 0x0000000650200000, 0x0000000650200000|100%| E|CS|TS  5|AC  0|TAMS 0x0000000650100000, 0x0000000650100000|
| 220|0x0000000650200000, 0x0000000650300000, 0x0000000650300000|100%| E|CS|TS  5|AC  0|TAMS 0x0000000650200000, 0x0000000650200000|
| 221|0x0000000650300000, 0x0000000650400000, 0x0000000650400000|100%| E|CS|TS  5|AC  0|TAMS 0x0000000650300000, 0x0000000650300000|
| 222|0x0000000650400000, 0x0000000650500000, 0x0000000650500000|100%| E|CS|TS  5|AC  0|TAMS 0x0000000650400000, 0x0000000650400000|
| 223|0x0000000650500000, 0x0000000650600000, 0x0000000650600000|100%| E|CS|TS  5|AC  0|TAMS 0x0000000650500000, 0x0000000650500000|
| 224|0x0000000650600000, 0x0000000650700000, 0x0000000650700000|100%| E|CS|TS  5|AC  0|TAMS 0x0000000650600000, 0x0000000650600000|
| 225|0x0000000650700000, 0x0000000650800000, 0x0000000650800000|100%| E|CS|TS  5|AC  0|TAMS 0x0000000650700000, 0x0000000650700000|
| 226|0x0000000650800000, 0x0000000650900000, 0x0000000650900000|100%| E|CS|TS  5|AC  0|TAMS 0x0000000650800000, 0x0000000650800000|
| 227|0x0000000650900000, 0x0000000650a00000, 0x0000000650a00000|100%| E|CS|TS  5|AC  0|TAMS 0x0000000650900000, 0x0000000650900000|
| 228|0x0000000650a00000, 0x0000000650b00000, 0x0000000650b00000|100%| E|CS|TS  5|AC  0|TAMS 0x0000000650a00000, 0x0000000650a00000|
| 229|0x0000000650b00000, 0x0000000650c00000, 0x0000000650c00000|100%| E|CS|TS  5|AC  0|TAMS 0x0000000650b00000, 0x0000000650b00000|
| 230|0x0000000650c00000, 0x0000000650d00000, 0x0000000650d00000|100%| E|CS|TS  5|AC  0|TAMS 0x0000000650c00000, 0x0000000650c00000|
| 231|0x0000000650d00000, 0x0000000650e00000, 0x0000000650e00000|100%| E|CS|TS  5|AC  0|TAMS 0x0000000650d00000, 0x0000000650d00000|
| 232|0x0000000650e00000, 0x0000000650f00000, 0x0000000650f00000|100%| E|CS|TS  5|AC  0|TAMS 0x0000000650e00000, 0x0000000650e00000|
| 233|0x0000000650f00000, 0x0000000651000000, 0x0000000651000000|100%| E|CS|TS  5|AC  0|TAMS 0x0000000650f00000, 0x0000000650f00000|
| 234|0x0000000651000000, 0x0000000651100000, 0x0000000651100000|100%| E|CS|TS  5|AC  0|TAMS 0x0000000651000000, 0x0000000651000000|
| 235|0x0000000651100000, 0x0000000651200000, 0x0000000651200000|100%| E|CS|TS  5|AC  0|TAMS 0x0000000651100000, 0x0000000651100000|
| 236|0x0000000651200000, 0x0000000651300000, 0x0000000651300000|100%| E|CS|TS  5|AC  0|TAMS 0x0000000651200000, 0x0000000651200000|
| 237|0x0000000651300000, 0x0000000651400000, 0x0000000651400000|100%| E|CS|TS  5|AC  0|TAMS 0x0000000651300000, 0x0000000651300000|
| 238|0x0000000651400000, 0x0000000651500000, 0x0000000651500000|100%| E|CS|TS  5|AC  0|TAMS 0x0000000651400000, 0x0000000651400000|
| 239|0x0000000651500000, 0x0000000651600000, 0x0000000651600000|100%| E|CS|TS  5|AC  0|TAMS 0x0000000651500000, 0x0000000651500000|
| 240|0x0000000651600000, 0x0000000651700000, 0x0000000651700000|100%| E|CS|TS  5|AC  0|TAMS 0x0000000651600000, 0x0000000651600000|
| 241|0x0000000651700000, 0x0000000651800000, 0x0000000651800000|100%| E|CS|TS  5|AC  0|TAMS 0x0000000651700000, 0x0000000651700000|
| 242|0x0000000651800000, 0x0000000651900000, 0x0000000651900000|100%| E|CS|TS  5|AC  0|TAMS 0x0000000651800000, 0x0000000651800000|
| 243|0x0000000651900000, 0x0000000651a00000, 0x0000000651a00000|100%| E|CS|TS  5|AC  0|TAMS 0x0000000651900000, 0x0000000651900000|
| 244|0x0000000651a00000, 0x0000000651b00000, 0x0000000651b00000|100%| E|CS|TS  5|AC  0|TAMS 0x0000000651a00000, 0x0000000651a00000|
| 245|0x0000000651b00000, 0x0000000651c00000, 0x0000000651c00000|100%| E|CS|TS  5|AC  0|TAMS 0x0000000651b00000, 0x0000000651b00000|
| 246|0x0000000651c00000, 0x0000000651d00000, 0x0000000651d00000|100%| E|CS|TS  5|AC  0|TAMS 0x0000000651c00000, 0x0000000651c00000|
| 247|0x0000000651d00000, 0x0000000651e00000, 0x0000000651e00000|100%| E|CS|TS  5|AC  0|TAMS 0x0000000651d00000, 0x0000000651d00000|
| 248|0x0000000651e00000, 0x0000000651f00000, 0x0000000651f00000|100%| E|CS|TS  5|AC  0|TAMS 0x0000000651e00000, 0x0000000651e00000|
| 249|0x0000000651f00000, 0x0000000652000000, 0x0000000652000000|100%| E|CS|TS  5|AC  0|TAMS 0x0000000651f00000, 0x0000000651f00000|
| 250|0x0000000652000000, 0x0000000652100000, 0x0000000652100000|100%| E|CS|TS  5|AC  0|TAMS 0x0000000652000000, 0x0000000652000000|
| 251|0x0000000652100000, 0x0000000652200000, 0x0000000652200000|100%| E|CS|TS  5|AC  0|TAMS 0x0000000652100000, 0x0000000652100000|
| 252|0x0000000652200000, 0x0000000652300000, 0x0000000652300000|100%| E|CS|TS  5|AC  0|TAMS 0x0000000652200000, 0x0000000652200000|
| 253|0x0000000652300000, 0x0000000652400000, 0x0000000652400000|100%| E|CS|TS  5|AC  0|TAMS 0x0000000652300000, 0x0000000652300000|
| 254|0x0000000652400000, 0x0000000652500000, 0x0000000652500000|100%| E|CS|TS  5|AC  0|TAMS 0x0000000652400000, 0x0000000652400000|
| 255|0x0000000652500000, 0x0000000652600000, 0x0000000652600000|100%| E|CS|TS  5|AC  0|TAMS 0x0000000652500000, 0x0000000652500000|
| 256|0x0000000652600000, 0x0000000652700000, 0x0000000652700000|100%| E|CS|TS  5|AC  0|TAMS 0x0000000652600000, 0x0000000652600000|
| 257|0x0000000652700000, 0x0000000652800000, 0x0000000652800000|100%| E|CS|TS  5|AC  0|TAMS 0x0000000652700000, 0x0000000652700000|
| 258|0x0000000652800000, 0x0000000652900000, 0x0000000652900000|100%| E|CS|TS  5|AC  0|TAMS 0x0000000652800000, 0x0000000652800000|
| 259|0x0000000652900000, 0x0000000652a00000, 0x0000000652a00000|100%| E|CS|TS  5|AC  0|TAMS 0x0000000652900000, 0x0000000652900000|
| 260|0x0000000652a00000, 0x0000000652b00000, 0x0000000652b00000|100%| E|CS|TS  5|AC  0|TAMS 0x0000000652a00000, 0x0000000652a00000|
| 261|0x0000000652b00000, 0x0000000652c00000, 0x0000000652c00000|100%| E|CS|TS  5|AC  0|TAMS 0x0000000652b00000, 0x0000000652b00000|
| 262|0x0000000652c00000, 0x0000000652d00000, 0x0000000652d00000|100%| E|CS|TS  5|AC  0|TAMS 0x0000000652c00000, 0x0000000652c00000|
| 263|0x0000000652d00000, 0x0000000652e00000, 0x0000000652e00000|100%| E|CS|TS  5|AC  0|TAMS 0x0000000652d00000, 0x0000000652d00000|
| 264|0x0000000652e00000, 0x0000000652f00000, 0x0000000652f00000|100%| E|CS|TS  5|AC  0|TAMS 0x0000000652e00000, 0x0000000652e00000|
| 265|0x0000000652f00000, 0x0000000653000000, 0x0000000653000000|100%| E|CS|TS  5|AC  0|TAMS 0x0000000652f00000, 0x0000000652f00000|
| 266|0x0000000653000000, 0x0000000653100000, 0x0000000653100000|100%| E|CS|TS  5|AC  0|TAMS 0x0000000653000000, 0x0000000653000000|
| 267|0x0000000653100000, 0x0000000653200000, 0x0000000653200000|100%| E|CS|TS  5|AC  0|TAMS 0x0000000653100000, 0x0000000653100000|
| 268|0x0000000653200000, 0x0000000653300000, 0x0000000653300000|100%| E|CS|TS  5|AC  0|TAMS 0x0000000653200000, 0x0000000653200000|
| 269|0x0000000653300000, 0x0000000653400000, 0x0000000653400000|100%| E|CS|TS  5|AC  0|TAMS 0x0000000653300000, 0x0000000653300000|
| 270|0x0000000653400000, 0x0000000653500000, 0x0000000653500000|100%| E|CS|TS  5|AC  0|TAMS 0x0000000653400000, 0x0000000653400000|
| 271|0x0000000653500000, 0x0000000653600000, 0x0000000653600000|100%| E|CS|TS  5|AC  0|TAMS 0x0000000653500000, 0x0000000653500000|
| 272|0x0000000653600000, 0x0000000653700000, 0x0000000653700000|100%| E|CS|TS  5|AC  0|TAMS 0x0000000653600000, 0x0000000653600000|
| 273|0x0000000653700000, 0x0000000653800000, 0x0000000653800000|100%| E|CS|TS  5|AC  0|TAMS 0x0000000653700000, 0x0000000653700000|
| 274|0x0000000653800000, 0x0000000653900000, 0x0000000653900000|100%| E|CS|TS  5|AC  0|TAMS 0x0000000653800000, 0x0000000653800000|
| 275|0x0000000653900000, 0x0000000653a00000, 0x0000000653a00000|100%| E|CS|TS  5|AC  0|TAMS 0x0000000653900000, 0x0000000653900000|
| 276|0x0000000653a00000, 0x0000000653b00000, 0x0000000653b00000|100%| E|CS|TS  5|AC  0|TAMS 0x0000000653a00000, 0x0000000653a00000|
| 277|0x0000000653b00000, 0x0000000653c00000, 0x0000000653c00000|100%| E|CS|TS  5|AC  0|TAMS 0x0000000653b00000, 0x0000000653b00000|
| 278|0x0000000653c00000, 0x0000000653d00000, 0x0000000653d00000|100%| E|CS|TS  5|AC  0|TAMS 0x0000000653c00000, 0x0000000653c00000|
| 279|0x0000000653d00000, 0x0000000653e00000, 0x0000000653e00000|100%| E|CS|TS  5|AC  0|TAMS 0x0000000653d00000, 0x0000000653d00000|
| 280|0x0000000653e00000, 0x0000000653f00000, 0x0000000653f00000|100%| E|CS|TS  5|AC  0|TAMS 0x0000000653e00000, 0x0000000653e00000|
| 281|0x0000000653f00000, 0x0000000654000000, 0x0000000654000000|100%| E|CS|TS  5|AC  0|TAMS 0x0000000653f00000, 0x0000000653f00000|
| 282|0x0000000654000000, 0x0000000654100000, 0x0000000654100000|100%| E|CS|TS  5|AC  0|TAMS 0x0000000654000000, 0x0000000654000000|
| 283|0x0000000654100000, 0x0000000654200000, 0x0000000654200000|100%| E|CS|TS  5|AC  0|TAMS 0x0000000654100000, 0x0000000654100000|
| 284|0x0000000654200000, 0x0000000654300000, 0x0000000654300000|100%| E|CS|TS  5|AC  0|TAMS 0x0000000654200000, 0x0000000654200000|
| 285|0x0000000654300000, 0x0000000654400000, 0x0000000654400000|100%| E|CS|TS  5|AC  0|TAMS 0x0000000654300000, 0x0000000654300000|
| 286|0x0000000654400000, 0x0000000654500000, 0x0000000654500000|100%| E|CS|TS  5|AC  0|TAMS 0x0000000654400000, 0x0000000654400000|
| 287|0x0000000654500000, 0x0000000654600000, 0x0000000654600000|100%| E|CS|TS  5|AC  0|TAMS 0x0000000654500000, 0x0000000654500000|
| 288|0x0000000654600000, 0x0000000654700000, 0x0000000654700000|100%| E|CS|TS  5|AC  0|TAMS 0x0000000654600000, 0x0000000654600000|
| 289|0x0000000654700000, 0x0000000654800000, 0x0000000654800000|100%| E|CS|TS  5|AC  0|TAMS 0x0000000654700000, 0x0000000654700000|
| 290|0x0000000654800000, 0x0000000654900000, 0x0000000654900000|100%| E|CS|TS  5|AC  0|TAMS 0x0000000654800000, 0x0000000654800000|
| 291|0x0000000654900000, 0x0000000654a00000, 0x0000000654a00000|100%| E|CS|TS  5|AC  0|TAMS 0x0000000654900000, 0x0000000654900000|
| 292|0x0000000654a00000, 0x0000000654b00000, 0x0000000654b00000|100%| E|CS|TS  5|AC  0|TAMS 0x0000000654a00000, 0x0000000654a00000|
| 293|0x0000000654b00000, 0x0000000654c00000, 0x0000000654c00000|100%| E|CS|TS  5|AC  0|TAMS 0x0000000654b00000, 0x0000000654b00000|
| 294|0x0000000654c00000, 0x0000000654d00000, 0x0000000654d00000|100%| E|CS|TS  5|AC  0|TAMS 0x0000000654c00000, 0x0000000654c00000|
| 295|0x0000000654d00000, 0x0000000654e00000, 0x0000000654e00000|100%| E|CS|TS  5|AC  0|TAMS 0x0000000654d00000, 0x0000000654d00000|
| 296|0x0000000654e00000, 0x0000000654f00000, 0x0000000654f00000|100%| E|CS|TS  5|AC  0|TAMS 0x0000000654e00000, 0x0000000654e00000|
| 297|0x0000000654f00000, 0x0000000655000000, 0x0000000655000000|100%| E|CS|TS  5|AC  0|TAMS 0x0000000654f00000, 0x0000000654f00000|
| 298|0x0000000655000000, 0x0000000655100000, 0x0000000655100000|100%| E|CS|TS  5|AC  0|TAMS 0x0000000655000000, 0x0000000655000000|
| 299|0x0000000655100000, 0x0000000655200000, 0x0000000655200000|100%| E|CS|TS  5|AC  0|TAMS 0x0000000655100000, 0x0000000655100000|
| 300|0x0000000655200000, 0x0000000655300000, 0x0000000655300000|100%| E|CS|TS  5|AC  0|TAMS 0x0000000655200000, 0x0000000655200000|
| 301|0x0000000655300000, 0x0000000655400000, 0x0000000655400000|100%| E|CS|TS  5|AC  0|TAMS 0x0000000655300000, 0x0000000655300000|
| 302|0x0000000655400000, 0x0000000655500000, 0x0000000655500000|100%| E|CS|TS  5|AC  0|TAMS 0x0000000655400000, 0x0000000655400000|
| 303|0x0000000655500000, 0x0000000655600000, 0x0000000655600000|100%| E|CS|TS  5|AC  0|TAMS 0x0000000655500000, 0x0000000655500000|
| 304|0x0000000655600000, 0x0000000655700000, 0x0000000655700000|100%| E|CS|TS  5|AC  0|TAMS 0x0000000655600000, 0x0000000655600000|
| 305|0x0000000655700000, 0x0000000655800000, 0x0000000655800000|100%| E|CS|TS  5|AC  0|TAMS 0x0000000655700000, 0x0000000655700000|
| 306|0x0000000655800000, 0x0000000655900000, 0x0000000655900000|100%| E|CS|TS  5|AC  0|TAMS 0x0000000655800000, 0x0000000655800000|
| 307|0x0000000655900000, 0x0000000655a00000, 0x0000000655a00000|100%| E|CS|TS  5|AC  0|TAMS 0x0000000655900000, 0x0000000655900000|
| 308|0x0000000655a00000, 0x0000000655b00000, 0x0000000655b00000|100%| E|CS|TS  5|AC  0|TAMS 0x0000000655a00000, 0x0000000655a00000|
| 309|0x0000000655b00000, 0x0000000655c00000, 0x0000000655c00000|100%| E|CS|TS  5|AC  0|TAMS 0x0000000655b00000, 0x0000000655b00000|
| 310|0x0000000655c00000, 0x0000000655d00000, 0x0000000655d00000|100%| E|CS|TS  5|AC  0|TAMS 0x0000000655c00000, 0x0000000655c00000|
| 311|0x0000000655d00000, 0x0000000655e00000, 0x0000000655e00000|100%| E|CS|TS  5|AC  0|TAMS 0x0000000655d00000, 0x0000000655d00000|
| 312|0x0000000655e00000, 0x0000000655f00000, 0x0000000655f00000|100%| E|CS|TS  5|AC  0|TAMS 0x0000000655e00000, 0x0000000655e00000|
| 313|0x0000000655f00000, 0x0000000656000000, 0x0000000656000000|100%| E|CS|TS  5|AC  0|TAMS 0x0000000655f00000, 0x0000000655f00000|
| 314|0x0000000656000000, 0x0000000656100000, 0x0000000656100000|100%| E|CS|TS  5|AC  0|TAMS 0x0000000656000000, 0x0000000656000000|
| 315|0x0000000656100000, 0x0000000656200000, 0x0000000656200000|100%| E|CS|TS  5|AC  0|TAMS 0x0000000656100000, 0x0000000656100000|
| 316|0x0000000656200000, 0x0000000656300000, 0x0000000656300000|100%| E|CS|TS  5|AC  0|TAMS 0x0000000656200000, 0x0000000656200000|
| 317|0x0000000656300000, 0x0000000656400000, 0x0000000656400000|100%| E|CS|TS  5|AC  0|TAMS 0x0000000656300000, 0x0000000656300000|
| 318|0x0000000656400000, 0x0000000656500000, 0x0000000656500000|100%| E|CS|TS  5|AC  0|TAMS 0x0000000656400000, 0x0000000656400000|
| 319|0x0000000656500000, 0x0000000656600000, 0x0000000656600000|100%| E|CS|TS  5|AC  0|TAMS 0x0000000656500000, 0x0000000656500000|
| 320|0x0000000656600000, 0x0000000656700000, 0x0000000656700000|100%| E|CS|TS  5|AC  0|TAMS 0x0000000656600000, 0x0000000656600000|
| 321|0x0000000656700000, 0x0000000656800000, 0x0000000656800000|100%| E|CS|TS  5|AC  0|TAMS 0x0000000656700000, 0x0000000656700000|
| 322|0x0000000656800000, 0x0000000656900000, 0x0000000656900000|100%| E|CS|TS  5|AC  0|TAMS 0x0000000656800000, 0x0000000656800000|
| 323|0x0000000656900000, 0x0000000656a00000, 0x0000000656a00000|100%| E|CS|TS  5|AC  0|TAMS 0x0000000656900000, 0x0000000656900000|
| 324|0x0000000656a00000, 0x0000000656b00000, 0x0000000656b00000|100%| E|CS|TS  5|AC  0|TAMS 0x0000000656a00000, 0x0000000656a00000|
| 325|0x0000000656b00000, 0x0000000656c00000, 0x0000000656c00000|100%| E|CS|TS  5|AC  0|TAMS 0x0000000656b00000, 0x0000000656b00000|
| 326|0x0000000656c00000, 0x0000000656d00000, 0x0000000656d00000|100%| E|CS|TS  5|AC  0|TAMS 0x0000000656c00000, 0x0000000656c00000|
| 327|0x0000000656d00000, 0x0000000656e00000, 0x0000000656e00000|100%| E|CS|TS  5|AC  0|TAMS 0x0000000656d00000, 0x0000000656d00000|
| 328|0x0000000656e00000, 0x0000000656f00000, 0x0000000656f00000|100%| E|CS|TS  5|AC  0|TAMS 0x0000000656e00000, 0x0000000656e00000|
| 329|0x0000000656f00000, 0x0000000657000000, 0x0000000657000000|100%| E|CS|TS  5|AC  0|TAMS 0x0000000656f00000, 0x0000000656f00000|
| 330|0x0000000657000000, 0x0000000657100000, 0x0000000657100000|100%| E|CS|TS  5|AC  0|TAMS 0x0000000657000000, 0x0000000657000000|
| 331|0x0000000657100000, 0x0000000657200000, 0x0000000657200000|100%| E|CS|TS  5|AC  0|TAMS 0x0000000657100000, 0x0000000657100000|
| 332|0x0000000657200000, 0x0000000657300000, 0x0000000657300000|100%| E|CS|TS  5|AC  0|TAMS 0x0000000657200000, 0x0000000657200000|
| 333|0x0000000657300000, 0x0000000657400000, 0x0000000657400000|100%| E|CS|TS  5|AC  0|TAMS 0x0000000657300000, 0x0000000657300000|
| 334|0x0000000657400000, 0x0000000657500000, 0x0000000657500000|100%| E|CS|TS  5|AC  0|TAMS 0x0000000657400000, 0x0000000657400000|
| 335|0x0000000657500000, 0x0000000657600000, 0x0000000657600000|100%| E|CS|TS  5|AC  0|TAMS 0x0000000657500000, 0x0000000657500000|
| 336|0x0000000657600000, 0x0000000657700000, 0x0000000657700000|100%| E|CS|TS  5|AC  0|TAMS 0x0000000657600000, 0x0000000657600000|
| 337|0x0000000657700000, 0x0000000657800000, 0x0000000657800000|100%| E|CS|TS  5|AC  0|TAMS 0x0000000657700000, 0x0000000657700000|
| 338|0x0000000657800000, 0x0000000657900000, 0x0000000657900000|100%| E|CS|TS  5|AC  0|TAMS 0x0000000657800000, 0x0000000657800000|
| 339|0x0000000657900000, 0x0000000657a00000, 0x0000000657a00000|100%| E|CS|TS  5|AC  0|TAMS 0x0000000657900000, 0x0000000657900000|
| 340|0x0000000657a00000, 0x0000000657b00000, 0x0000000657b00000|100%| E|CS|TS  5|AC  0|TAMS 0x0000000657a00000, 0x0000000657a00000|
| 341|0x0000000657b00000, 0x0000000657c00000, 0x0000000657c00000|100%| E|CS|TS  5|AC  0|TAMS 0x0000000657b00000, 0x0000000657b00000|
| 342|0x0000000657c00000, 0x0000000657d00000, 0x0000000657d00000|100%| E|CS|TS  5|AC  0|TAMS 0x0000000657c00000, 0x0000000657c00000|
| 343|0x0000000657d00000, 0x0000000657e00000, 0x0000000657e00000|100%| E|CS|TS  5|AC  0|TAMS 0x0000000657d00000, 0x0000000657d00000|
| 344|0x0000000657e00000, 0x0000000657f00000, 0x0000000657f00000|100%| E|CS|TS  5|AC  0|TAMS 0x0000000657e00000, 0x0000000657e00000|
| 345|0x0000000657f00000, 0x0000000658000000, 0x0000000658000000|100%| E|CS|TS  5|AC  0|TAMS 0x0000000657f00000, 0x0000000657f00000|
| 346|0x0000000658000000, 0x0000000658100000, 0x0000000658100000|100%| E|CS|TS  5|AC  0|TAMS 0x0000000658000000, 0x0000000658000000|
| 347|0x0000000658100000, 0x0000000658200000, 0x0000000658200000|100%| E|CS|TS  5|AC  0|TAMS 0x0000000658100000, 0x0000000658100000|
| 348|0x0000000658200000, 0x0000000658300000, 0x0000000658300000|100%| E|CS|TS  5|AC  0|TAMS 0x0000000658200000, 0x0000000658200000|
| 349|0x0000000658300000, 0x0000000658400000, 0x0000000658400000|100%| E|CS|TS  5|AC  0|TAMS 0x0000000658300000, 0x0000000658300000|
| 350|0x0000000658400000, 0x0000000658500000, 0x0000000658500000|100%| E|CS|TS  5|AC  0|TAMS 0x0000000658400000, 0x0000000658400000|
| 351|0x0000000658500000, 0x0000000658600000, 0x0000000658600000|100%| E|CS|TS  5|AC  0|TAMS 0x0000000658500000, 0x0000000658500000|
| 352|0x0000000658600000, 0x0000000658700000, 0x0000000658700000|100%| E|CS|TS  5|AC  0|TAMS 0x0000000658600000, 0x0000000658600000|
| 353|0x0000000658700000, 0x0000000658800000, 0x0000000658800000|100%| E|CS|TS  5|AC  0|TAMS 0x0000000658700000, 0x0000000658700000|
| 354|0x0000000658800000, 0x0000000658900000, 0x0000000658900000|100%| E|CS|TS  5|AC  0|TAMS 0x0000000658800000, 0x0000000658800000|
| 355|0x0000000658900000, 0x0000000658a00000, 0x0000000658a00000|100%| E|CS|TS  5|AC  0|TAMS 0x0000000658900000, 0x0000000658900000|
| 356|0x0000000658a00000, 0x0000000658b00000, 0x0000000658b00000|100%| E|CS|TS  5|AC  0|TAMS 0x0000000658a00000, 0x0000000658a00000|
| 357|0x0000000658b00000, 0x0000000658c00000, 0x0000000658c00000|100%| E|CS|TS  5|AC  0|TAMS 0x0000000658b00000, 0x0000000658b00000|
| 358|0x0000000658c00000, 0x0000000658d00000, 0x0000000658d00000|100%| E|CS|TS  5|AC  0|TAMS 0x0000000658c00000, 0x0000000658c00000|
| 359|0x0000000658d00000, 0x0000000658e00000, 0x0000000658e00000|100%| E|CS|TS  5|AC  0|TAMS 0x0000000658d00000, 0x0000000658d00000|
| 360|0x0000000658e00000, 0x0000000658f00000, 0x0000000658f00000|100%| E|CS|TS  5|AC  0|TAMS 0x0000000658e00000, 0x0000000658e00000|
| 361|0x0000000658f00000, 0x0000000659000000, 0x0000000659000000|100%| E|CS|TS  5|AC  0|TAMS 0x0000000658f00000, 0x0000000658f00000|
| 362|0x0000000659000000, 0x0000000659100000, 0x0000000659100000|100%| E|CS|TS  5|AC  0|TAMS 0x0000000659000000, 0x0000000659000000|
| 363|0x0000000659100000, 0x0000000659200000, 0x0000000659200000|100%| E|CS|TS  5|AC  0|TAMS 0x0000000659100000, 0x0000000659100000|
| 364|0x0000000659200000, 0x0000000659300000, 0x0000000659300000|100%| E|CS|TS  5|AC  0|TAMS 0x0000000659200000, 0x0000000659200000|
| 365|0x0000000659300000, 0x0000000659400000, 0x0000000659400000|100%| E|CS|TS  5|AC  0|TAMS 0x0000000659300000, 0x0000000659300000|
| 366|0x0000000659400000, 0x0000000659500000, 0x0000000659500000|100%| E|CS|TS  5|AC  0|TAMS 0x0000000659400000, 0x0000000659400000|
| 367|0x0000000659500000, 0x0000000659600000, 0x0000000659600000|100%| E|CS|TS  5|AC  0|TAMS 0x0000000659500000, 0x0000000659500000|
| 368|0x0000000659600000, 0x0000000659700000, 0x0000000659700000|100%| E|CS|TS  5|AC  0|TAMS 0x0000000659600000, 0x0000000659600000|
| 369|0x0000000659700000, 0x0000000659800000, 0x0000000659800000|100%| E|CS|TS  5|AC  0|TAMS 0x0000000659700000, 0x0000000659700000|
| 370|0x0000000659800000, 0x0000000659900000, 0x0000000659900000|100%| E|CS|TS  5|AC  0|TAMS 0x0000000659800000, 0x0000000659800000|
| 371|0x0000000659900000, 0x0000000659a00000, 0x0000000659a00000|100%| E|CS|TS  5|AC  0|TAMS 0x0000000659900000, 0x0000000659900000|
| 372|0x0000000659a00000, 0x0000000659b00000, 0x0000000659b00000|100%| E|CS|TS  5|AC  0|TAMS 0x0000000659a00000, 0x0000000659a00000|
| 373|0x0000000659b00000, 0x0000000659c00000, 0x0000000659c00000|100%| E|CS|TS  5|AC  0|TAMS 0x0000000659b00000, 0x0000000659b00000|
| 374|0x0000000659c00000, 0x0000000659d00000, 0x0000000659d00000|100%| E|CS|TS  5|AC  0|TAMS 0x0000000659c00000, 0x0000000659c00000|
| 375|0x0000000659d00000, 0x0000000659e00000, 0x0000000659e00000|100%| E|CS|TS  5|AC  0|TAMS 0x0000000659d00000, 0x0000000659d00000|
| 376|0x0000000659e00000, 0x0000000659f00000, 0x0000000659f00000|100%| E|CS|TS  5|AC  0|TAMS 0x0000000659e00000, 0x0000000659e00000|
| 377|0x0000000659f00000, 0x000000065a000000, 0x000000065a000000|100%| E|CS|TS  5|AC  0|TAMS 0x0000000659f00000, 0x0000000659f00000|
| 378|0x000000065a000000, 0x000000065a100000, 0x000000065a100000|100%| E|CS|TS  5|AC  0|TAMS 0x000000065a000000, 0x000000065a000000|
| 379|0x000000065a100000, 0x000000065a200000, 0x000000065a200000|100%| E|CS|TS  5|AC  0|TAMS 0x000000065a100000, 0x000000065a100000|
| 380|0x000000065a200000, 0x000000065a300000, 0x000000065a300000|100%| E|CS|TS  5|AC  0|TAMS 0x000000065a200000, 0x000000065a200000|
| 381|0x000000065a300000, 0x000000065a400000, 0x000000065a400000|100%| E|CS|TS  5|AC  0|TAMS 0x000000065a300000, 0x000000065a300000|

Card table byte_map: [0x0000017537b30000,0x0000017538720000] byte_map_base: 0x000001753491d000

Marking Bits (Prev, Next): (CMBitMap*) 0x00000175452bada8, (CMBitMap*) 0x00000175452bad70
 Prev Bits: [0x000001753f280000, 0x00000175451e8000)
 Next Bits: [0x0000017539310000, 0x000001753f278000)

Polling page: 0x000001751a5b0000

CodeHeap 'non-profiled nmethods': size=238336Kb used=23966Kb max_used=23966Kb free=214370Kb
 bounds [0x0000017527c10000, 0x0000017529380000, 0x00000175364d0000]
CodeHeap 'non-nmethods': size=7424Kb used=3017Kb max_used=3017Kb free=4407Kb
 bounds [0x00000175274d0000, 0x00000175277d0000, 0x0000017527c10000]
 total_blobs=14854 nmethods=13810 adapters=663
 compilation: enabled

Compilation events (10 events):
Event: 3451.999 Thread 0x0000017548066800 14092       1       org.apache.coyote.Response::setCommitted (24 bytes)
Event: 3452.000 Thread 0x0000017548066800 nmethod 14092 0x0000017529377390 code [0x0000017529377540, 0x0000017529377698]
Event: 3491.986 Thread 0x0000017548035000 14093       1       org.springframework.security.web.header.HeaderWriterFilter::writeHeaders (43 bytes)
Event: 3491.987 Thread 0x0000017548035000 nmethod 14093 0x0000017529377710 code [0x0000017529377900, 0x0000017529377b40]
Event: 3491.990 Thread 0x0000017548037800 14094   !   1       org.apache.coyote.http11.Http11Processor::prepareResponse (866 bytes)
Event: 3491.990 Thread 0x000001754806a800 14095       1       java.nio.ByteBuffer::put (55 bytes)
Event: 3491.991 Thread 0x000001754806a800 nmethod 14095 0x0000017529377c90 code [0x0000017529377e80, 0x0000017529378170]
Event: 3491.995 Thread 0x0000017548037800 nmethod 14094 0x0000017529378310 code [0x0000017529378940, 0x000001752937a440]
Event: 3511.995 Thread 0x0000017548035000 14096       1       io.micrometer.core.instrument.Tags::tagsEqual (64 bytes)
Event: 3511.996 Thread 0x0000017548035000 nmethod 14096 0x000001752937bf10 code [0x000001752937c0e0, 0x000001752937c330]

GC Heap History (10 events):
Event: 44.977 GC heap before
{Heap before GC invocations=12 (full 0):
 garbage-first heap   total 391168K, used 253752K [0x0000000642600000, 0x00000007c0000000)
  region size 1024K, 229 young (234496K), 22 survivors (22528K)
 Metaspace       used 72982K, capacity 74990K, committed 75520K, reserved 1116160K
  class space    used 8817K, capacity 9627K, committed 9728K, reserved 1048576K
}
Event: 44.997 GC heap after
{Heap after GC invocations=13 (full 0):
 garbage-first heap   total 391168K, used 52329K [0x0000000642600000, 0x00000007c0000000)
  region size 1024K, 20 young (20480K), 20 survivors (20480K)
 Metaspace       used 72982K, capacity 74990K, committed 75520K, reserved 1116160K
  class space    used 8817K, capacity 9627K, committed 9728K, reserved 1048576K
}
Event: 47.978 GC heap before
{Heap before GC invocations=13 (full 0):
 garbage-first heap   total 391168K, used 266345K [0x0000000642600000, 0x00000007c0000000)
  region size 1024K, 229 young (234496K), 20 survivors (20480K)
 Metaspace       used 78051K, capacity 80263K, committed 80640K, reserved 1120256K
  class space    used 9519K, capacity 10412K, committed 10496K, reserved 1048576K
}
Event: 47.995 GC heap after
{Heap after GC invocations=14 (full 0):
 garbage-first heap   total 391168K, used 59608K [0x0000000642600000, 0x00000007c0000000)
  region size 1024K, 19 young (19456K), 19 survivors (19456K)
 Metaspace       used 78051K, capacity 80263K, committed 80640K, reserved 1120256K
  class space    used 9519K, capacity 10412K, committed 10496K, reserved 1048576K
}
Event: 59.728 GC heap before
{Heap before GC invocations=14 (full 0):
 garbage-first heap   total 391168K, used 274648K [0x0000000642600000, 0x00000007c0000000)
  region size 1024K, 229 young (234496K), 19 survivors (19456K)
 Metaspace       used 87423K, capacity 89829K, committed 90240K, reserved 1128448K
  class space    used 10668K, capacity 11598K, committed 11648K, reserved 1048576K
}
Event: 59.746 GC heap after
{Heap after GC invocations=15 (full 0):
 garbage-first heap   total 391168K, used 67032K [0x0000000642600000, 0x00000007c0000000)
  region size 1024K, 16 young (16384K), 16 survivors (16384K)
 Metaspace       used 87423K, capacity 89829K, committed 90240K, reserved 1128448K
  class space    used 10668K, capacity 11598K, committed 11648K, reserved 1048576K
}
Event: 1213.034 GC heap before
{Heap before GC invocations=15 (full 0):
 garbage-first heap   total 391168K, used 285144K [0x0000000642600000, 0x00000007c0000000)
  region size 1024K, 229 young (234496K), 16 survivors (16384K)
 Metaspace       used 89728K, capacity 92541K, committed 92800K, reserved 1130496K
  class space    used 11013K, capacity 12062K, committed 12160K, reserved 1048576K
}
Event: 1213.046 GC heap after
{Heap after GC invocations=16 (full 0):
 garbage-first heap   total 391168K, used 73058K [0x0000000642600000, 0x00000007c0000000)
  region size 1024K, 22 young (22528K), 22 survivors (22528K)
 Metaspace       used 89728K, capacity 92541K, committed 92800K, reserved 1130496K
  class space    used 11013K, capacity 12062K, committed 12160K, reserved 1048576K
}
Event: 2431.984 GC heap before
{Heap before GC invocations=16 (full 0):
 garbage-first heap   total 391168K, used 285026K [0x0000000642600000, 0x00000007c0000000)
  region size 1024K, 229 young (234496K), 22 survivors (22528K)
 Metaspace       used 89774K, capacity 92574K, committed 92800K, reserved 1130496K
  class space    used 11018K, capacity 12070K, committed 12160K, reserved 1048576K
}
Event: 2431.997 GC heap after
{Heap after GC invocations=17 (full 0):
 garbage-first heap   total 391168K, used 72539K [0x0000000642600000, 0x00000007c0000000)
  region size 1024K, 15 young (15360K), 15 survivors (15360K)
 Metaspace       used 89774K, capacity 92574K, committed 92800K, reserved 1130496K
  class space    used 11018K, capacity 12070K, committed 12160K, reserved 1048576K
}

Deoptimization events (0 events):
No events

Classes redefined (0 events):
No events

Internal exceptions (10 events):
Event: 3498.461 Thread 0x000001754e94c000 Exception <a 'java/io/FileNotFoundException'{0x000000064e85f538}> (0x000000064e85f538) thrown at [t:/workspace/open/src/hotspot/share/prims/jni.cpp, line 611]
Event: 3498.461 Thread 0x000001754e94c000 Exception <a 'java/io/FileNotFoundException'{0x000000064e85fc40}> (0x000000064e85fc40) thrown at [t:/workspace/open/src/hotspot/share/prims/jni.cpp, line 611]
Event: 3499.114 Thread 0x000001754ef90000 Exception <a 'java/net/SocketTimeoutException'{0x000000064e894cf8}: Read timed out> (0x000000064e894cf8) thrown at [t:/workspace/open/src/hotspot/share/prims/jni.cpp, line 632]
Event: 3508.471 Thread 0x000001754e94c000 Exception <a 'java/io/FileNotFoundException'{0x000000064e868c60}> (0x000000064e868c60) thrown at [t:/workspace/open/src/hotspot/share/prims/jni.cpp, line 611]
Event: 3508.471 Thread 0x000001754e94c000 Exception <a 'java/io/FileNotFoundException'{0x000000064e869368}> (0x000000064e869368) thrown at [t:/workspace/open/src/hotspot/share/prims/jni.cpp, line 611]
Event: 3509.122 Thread 0x000001754ef90000 Exception <a 'java/net/SocketTimeoutException'{0x000000064e5cb5b0}: Read timed out> (0x000000064e5cb5b0) thrown at [t:/workspace/open/src/hotspot/share/prims/jni.cpp, line 632]
Event: 3511.975 Thread 0x000001754e950800 Exception <a 'java/lang/NullPointerException'{0x000000064ff22a10}> (0x000000064ff22a10) thrown at [t:/workspace/open/src/hotspot/share/interpreter/linkResolver.cpp, line 1324]
Event: 3518.478 Thread 0x000001754e94c000 Exception <a 'java/io/FileNotFoundException'{0x000000064e31cee8}> (0x000000064e31cee8) thrown at [t:/workspace/open/src/hotspot/share/prims/jni.cpp, line 611]
Event: 3518.479 Thread 0x000001754e94c000 Exception <a 'java/io/FileNotFoundException'{0x000000064e31d5f0}> (0x000000064e31d5f0) thrown at [t:/workspace/open/src/hotspot/share/prims/jni.cpp, line 611]
Event: 3519.125 Thread 0x000001754ef90000 Exception <a 'java/net/SocketTimeoutException'{0x000000064e5dece0}: Read timed out> (0x000000064e5dece0) thrown at [t:/workspace/open/src/hotspot/share/prims/jni.cpp, line 632]

Events (10 events):
Event: 3514.541 Executing VM operation: RevokeBias done
Event: 3514.541 Executing VM operation: RevokeBias
Event: 3514.541 Executing VM operation: RevokeBias done
Event: 3514.541 Executing VM operation: RevokeBias
Event: 3514.541 Executing VM operation: RevokeBias done
Event: 3518.060 Thread 0x000001754e9d2800 Thread added: 0x000001754e9d2800
Event: 3518.062 Thread 0x000001754e9d2800 Thread exited: 0x000001754e9d2800
Event: 3519.543 Executing VM operation: RevokeBias
Event: 3519.543 Executing VM operation: RevokeBias done
Event: 3519.543 Executing VM operation: BulkRevokeBias


Dynamic libraries:
0x00007ff69a5c0000 - 0x00007ff69a5fe000 	C:\Program Files\Java\jdk-10.0.2\bin\java.exe
0x00007ff957da0000 - 0x00007ff957faf000 	C:\WINDOWS\SYSTEM32\ntdll.dll
0x00007ff9570e0000 - 0x00007ff95719d000 	C:\WINDOWS\System32\KERNEL32.DLL
0x00007ff955870000 - 0x00007ff955c00000 	C:\WINDOWS\System32\KERNELBASE.dll
0x00007ff957550000 - 0x00007ff9575fe000 	C:\WINDOWS\System32\ADVAPI32.dll
0x00007ff956df0000 - 0x00007ff956e94000 	C:\WINDOWS\System32\msvcrt.dll
0x00007ff957a40000 - 0x00007ff957ae3000 	C:\WINDOWS\System32\sechost.dll
0x00007ff957c40000 - 0x00007ff957d5f000 	C:\WINDOWS\System32\RPCRT4.dll
0x00007ff9576b0000 - 0x00007ff95785a000 	C:\WINDOWS\System32\USER32.dll
0x00007ff955840000 - 0x00007ff955866000 	C:\WINDOWS\System32\win32u.dll
0x00007ff955f90000 - 0x00007ff955fb9000 	C:\WINDOWS\System32\GDI32.dll
0x00007ff955590000 - 0x00007ff9556a7000 	C:\WINDOWS\System32\gdi32full.dll
0x00007ff9553b0000 - 0x00007ff95544a000 	C:\WINDOWS\System32\msvcp_win.dll
0x00007ff955720000 - 0x00007ff955831000 	C:\WINDOWS\System32\ucrtbase.dll
0x00007ff93e0d0000 - 0x00007ff93e371000 	C:\WINDOWS\WinSxS\amd64_microsoft.windows.common-controls_6595b64144ccf1df_6.0.22533.1001_none_26146f93a8efa247\COMCTL32.dll
0x00007ff94e250000 - 0x00007ff94e25a000 	C:\WINDOWS\SYSTEM32\VERSION.dll
0x00007ff957a00000 - 0x00007ff957a31000 	C:\WINDOWS\System32\IMM32.DLL
0x00007ff91cf40000 - 0x00007ff91d02f000 	C:\Program Files\Java\jdk-10.0.2\bin\msvcr120.dll
0x00007ff91ce90000 - 0x00007ff91cf36000 	C:\Program Files\Java\jdk-10.0.2\bin\msvcp120.dll
0x00000000759a0000 - 0x0000000076410000 	C:\Program Files\Java\jdk-10.0.2\bin\server\jvm.dll
0x00007ff957c30000 - 0x00007ff957c38000 	C:\WINDOWS\System32\PSAPI.DLL
0x00007ff946e00000 - 0x00007ff946e09000 	C:\WINDOWS\SYSTEM32\WSOCK32.dll
0x00007ff957860000 - 0x00007ff9578d1000 	C:\WINDOWS\System32\WS2_32.dll
0x00007ff94f1b0000 - 0x00007ff94f1e4000 	C:\WINDOWS\SYSTEM32\WINMM.dll
0x00007ff946a80000 - 0x00007ff946a8f000 	C:\Program Files\Java\jdk-10.0.2\bin\verify.dll
0x00007ff941350000 - 0x00007ff941574000 	C:\WINDOWS\SYSTEM32\DBGHELP.DLL
0x00007ff9571a0000 - 0x00007ff95751c000 	C:\WINDOWS\System32\combase.dll
0x00007ff957b50000 - 0x00007ff957c27000 	C:\WINDOWS\System32\OLEAUT32.dll
0x00007ff940a70000 - 0x00007ff940aa1000 	C:\WINDOWS\SYSTEM32\dbgcore.DLL
0x00007ff955510000 - 0x00007ff95558b000 	C:\WINDOWS\System32\bcryptPrimitives.dll
0x00007ff945230000 - 0x00007ff945257000 	C:\Program Files\Java\jdk-10.0.2\bin\java.dll
0x00007ff939a20000 - 0x00007ff939a4a000 	C:\Program Files\Java\jdk-10.0.2\bin\instrument.dll
0x00007ff944090000 - 0x00007ff9440a6000 	C:\Program Files\Java\jdk-10.0.2\bin\zip.dll
0x00007ff946940000 - 0x00007ff94694a000 	C:\Program Files\Java\jdk-10.0.2\bin\jimage.dll
0x00007ff956560000 - 0x00007ff956d19000 	C:\WINDOWS\System32\SHELL32.dll
0x00007ff953300000 - 0x00007ff953b55000 	C:\WINDOWS\SYSTEM32\windows.storage.dll
0x00007ff9531c0000 - 0x00007ff9532fc000 	C:\WINDOWS\SYSTEM32\wintypes.dll
0x00007ff956440000 - 0x00007ff956531000 	C:\WINDOWS\System32\SHCORE.dll
0x00007ff956d80000 - 0x00007ff956ddb000 	C:\WINDOWS\System32\shlwapi.dll
0x00007ff955180000 - 0x00007ff9551a1000 	C:\WINDOWS\SYSTEM32\profapi.dll
0x00007ff943300000 - 0x00007ff94331a000 	C:\Program Files\Java\jdk-10.0.2\bin\net.dll
0x00007ff94e0f0000 - 0x00007ff94e202000 	C:\WINDOWS\SYSTEM32\WINHTTP.dll
0x00007ff9547f0000 - 0x00007ff954859000 	C:\WINDOWS\system32\mswsock.dll
0x00007ff93f670000 - 0x00007ff93f681000 	C:\Program Files\Java\jdk-10.0.2\bin\nio.dll
0x00007ff93f050000 - 0x00007ff93f06a000 	D:\idea2019\IntelliJ idea 2019.3\bin\breakgen64.dll
0x00007ff953e20000 - 0x00007ff953f18000 	C:\WINDOWS\SYSTEM32\DNSAPI.dll
0x00007ff953db0000 - 0x00007ff953ddd000 	C:\WINDOWS\SYSTEM32\IPHLPAPI.DLL
0x00007ff9570d0000 - 0x00007ff9570d9000 	C:\WINDOWS\System32\NSI.dll
0x00007ff94c990000 - 0x00007ff94c99a000 	C:\Windows\System32\rasadhlp.dll
0x00007ff94cc60000 - 0x00007ff94cce2000 	C:\WINDOWS\System32\fwpuclnt.dll
0x00007ff9451e0000 - 0x00007ff9451e9000 	C:\Program Files\Java\jdk-10.0.2\bin\management.dll
0x00007ff944a70000 - 0x00007ff944a7a000 	C:\Program Files\Java\jdk-10.0.2\bin\management_ext.dll
0x00007ff954a90000 - 0x00007ff954aab000 	C:\WINDOWS\SYSTEM32\CRYPTSP.dll
0x00007ff954220000 - 0x00007ff954255000 	C:\WINDOWS\system32\rsaenh.dll
0x00007ff954940000 - 0x00007ff954969000 	C:\WINDOWS\SYSTEM32\USERENV.dll
0x00007ff954c20000 - 0x00007ff954c48000 	C:\WINDOWS\SYSTEM32\bcrypt.dll
0x00007ff954ab0000 - 0x00007ff954abc000 	C:\WINDOWS\SYSTEM32\CRYPTBASE.dll
0x00007ff94dea0000 - 0x00007ff94deb9000 	C:\WINDOWS\SYSTEM32\dhcpcsvc6.DLL
0x00007ff94dc90000 - 0x00007ff94dcae000 	C:\WINDOWS\SYSTEM32\dhcpcsvc.DLL
0x00007ff9461f0000 - 0x00007ff946207000 	C:\WINDOWS\system32\napinsp.dll
0x00007ff9461d0000 - 0x00007ff9461eb000 	C:\WINDOWS\system32\pnrpnsp.dll
0x00007ff9461a0000 - 0x00007ff9461b1000 	C:\WINDOWS\System32\winrnr.dll
0x00007ff946170000 - 0x00007ff946191000 	C:\WINDOWS\system32\nlansp_c.dll
0x00007ff946150000 - 0x00007ff946165000 	C:\WINDOWS\system32\wshbth.dll
0x00007ff93e800000 - 0x00007ff93e823000 	C:\Program Files\Java\jdk-10.0.2\bin\sunec.dll
0x00007ff944080000 - 0x00007ff94408b000 	C:\Program Files\Java\jdk-10.0.2\bin\sunmscapi.dll
0x00007ff955250000 - 0x00007ff9553ac000 	C:\WINDOWS\System32\CRYPT32.dll

dbghelp: loaded successfully - version: 4.0.5 - missing functions: none
symbol engine: initialized successfully - sym options: 0x614 - pdb path: .;C:\Program Files\Java\jdk-10.0.2\bin;C:\WINDOWS\SYSTEM32;C:\WINDOWS\WinSxS\amd64_microsoft.windows.common-controls_6595b64144ccf1df_6.0.22533.1001_none_26146f93a8efa247;C:\Program Files\Java\jdk-10.0.2\bin\server;D:\idea2019\IntelliJ idea 2019.3\bin

VM Arguments:
jvm_args: -XX:TieredStopAtLevel=1 -Xverify:none -Dspring.output.ansi.enabled=always -Dcom.sun.management.jmxremote -Dspring.jmx.enabled=true -Dspring.liveBeansView.mbeanDomain -Dspring.application.admin.enabled=true -javaagent:D:\idea2019\IntelliJ idea 2019.3\lib\idea_rt.jar=59820:D:\idea2019\IntelliJ idea 2019.3\bin -Dfile.encoding=UTF-8 
java_command: com.boot.SeckillController9502
java_class_path (initial): C:\Users\youzhengjie666\Desktop\cloud-mall\cloud-mall\cloud-mall-seckill\cloud-mall-seckill9502\target\classes;D:\maven-3.6.3\apache-maven-3.6.3\bin\repository\org\springframework\boot\spring-boot-starter-amqp\2.3.2.RELEASE\spring-boot-starter-amqp-2.3.2.RELEASE.jar;D:\maven-3.6.3\apache-maven-3.6.3\bin\repository\org\springframework\boot\spring-boot-starter\2.3.2.RELEASE\spring-boot-starter-2.3.2.RELEASE.jar;D:\maven-3.6.3\apache-maven-3.6.3\bin\repository\org\springframework\boot\spring-boot\2.3.2.RELEASE\spring-boot-2.3.2.RELEASE.jar;D:\maven-3.6.3\apache-maven-3.6.3\bin\repository\org\springframework\boot\spring-boot-autoconfigure\2.3.2.RELEASE\spring-boot-autoconfigure-2.3.2.RELEASE.jar;D:\maven-3.6.3\apache-maven-3.6.3\bin\repository\org\springframework\boot\spring-boot-starter-logging\2.3.2.RELEASE\spring-boot-starter-logging-2.3.2.RELEASE.jar;D:\maven-3.6.3\apache-maven-3.6.3\bin\repository\ch\qos\logback\logback-classic\1.2.3\logback-classic-1.2.3.jar;D:\maven-3.6.3\apache-maven-3.6.3\bin\repository\ch\qos\logback\logback-core\1.2.3\logback-core-1.2.3.jar;D:\maven-3.6.3\apache-maven-3.6.3\bin\repository\org\apache\logging\log4j\log4j-to-slf4j\2.13.3\log4j-to-slf4j-2.13.3.jar;D:\maven-3.6.3\apache-maven-3.6.3\bin\repository\org\slf4j\jul-to-slf4j\1.7.30\jul-to-slf4j-1.7.30.jar;D:\maven-3.6.3\apache-maven-3.6.3\bin\repository\jakarta\annotation\jakarta.annotation-api\1.3.5\jakarta.annotation-api-1.3.5.jar;D:\maven-3.6.3\apache-maven-3.6.3\bin\repository\org\yaml\snakeyaml\1.26\snakeyaml-1.26.jar;D:\maven-3.6.3\apache-maven-3.6.3\bin\repository\org\springframework\spring-messaging\5.2.8.RELEASE\spring-messaging-5.2.8.RELEASE.jar;D:\maven-3.6.3\apache-maven-3.6.3\bin\repository\org\springframework\amqp\spring-rabbit\2.2.9.RELEASE\spring-rabbit-2.2.9.RELEASE.jar;D:\maven-3.6.3\apache-maven-3.6.3\bin\repository\com\rabbitmq\amqp-client\5.9.0\amqp-client-5.9.0.jar;D:\maven-3.6.3\apache-maven-3.6.3\bin\repository\org\springframework\amq
Launcher Type: SUN_STANDARD

Logging:
Log output configuration:
#0: stdout all=warning uptime,level,tags
#1: stderr all=off uptime,level,tags

Environment Variables:
JAVA_HOME=C:\Program Files\Java\jdk-10.0.2
PATH=C:\Program Files (x86)\VMware\VMware Workstation\bin\;C:\Windows\system32;C:\Windows;C:\Windows\System32\Wbem;C:\Windows\System32\WindowsPowerShell\v1.0\;C:\Windows\System32\OpenSSH\;C:\Program Files (x86)\NVIDIA Corporation\PhysX\Common;C:\Program Files\Java\jdk-10.0.2\bin;C:\Program Files\NVIDIA Corporation\NVIDIA NvDLISR;C:\Program Files\Git\cmd;C:\Program Files\nodejs\;C:\Program Files\Microsoft SQL Server\130\Tools\Binn\;C:\MinGW\bin;C:\WINDOWS\system32;C:\WINDOWS;C:\WINDOWS\System32\Wbem;C:\WINDOWS\System32\WindowsPowerShell\v1.0\;C:\WINDOWS\System32\OpenSSH\;C:\Program Files (x86)\NetSarang\Xshell 7\;C:\Program Files (x86)\EasyShare\x86\;C:\Program Files (x86)\EasyShare\x64\;C:\Program Files (x86)\Microsoft Visual Studio\Common\Tools\WinNT;C:\Program Files (x86)\Microsoft Visual Studio\Common\MSDev98\Bin;C:\Program Files (x86)\Microsoft Visual Studio\Common\Tools;C:\Program Files (x86)\Microsoft Visual Studio\VC98\bin;%USERPROFILE%\AppData\Local\Microsoft\WindowsApps;C:\Users\youzhengjie666\AppData\Local\Programs\Microsoft VS Code\bin;%ERLANG_HOME%\bin;C:\Users\youzhengjie666\AppData\Roaming\npm;
USERNAME=youzhengjie666
OS=Windows_NT
PROCESSOR_IDENTIFIER=Intel64 Family 6 Model 158 Stepping 13, GenuineIntel



---------------  S Y S T E M  ---------------

OS: Windows 10 , 64 bit Build 22533 (10.0.22533.1001)

CPU:total 8 (initial active 8) (4 cores per cpu, 2 threads per core) family 6 model 158 stepping 13, cmov, cx8, fxsr, mmx, sse, sse2, sse3, ssse3, sse4.1, sse4.2, popcnt, avx, avx2, aes, clmul, erms, 3dnowpref, lzcnt, ht, tsc, tscinvbit, bmi1, bmi2, adx, fma

Memory: 4k page, physical 25004660k(11123392k free), swap 31296116k(5292k free)

vm_info: Java HotSpot(TM) 64-Bit Server VM (10.0.2+13) for windows-amd64 JRE (10.0.2+13), built on Jun 28 2018 01:57:56 by "mach5one" with MS VC++ 12.0 (VS2013)

END.
